2017-03-11 17:45:05,029 INFO creating http session
2017-03-11 17:45:05,032 INFO starting search for #remain
2017-03-11 17:45:05,047 INFO Starting new HTTPS connection (1): api.twitter.com
2017-03-11 17:45:06,065 INFO archived https://twitter.com/mark_kelly256/status/840619494770954243
2017-03-11 17:45:06,066 INFO archived https://twitter.com/euinbrum/status/840619482368348161
2017-03-11 17:45:06,066 INFO archived https://twitter.com/birdonthewire3/status/840619410310193152
2017-03-11 17:45:06,066 INFO archived https://twitter.com/gailfen/status/840619359018070017
2017-03-11 17:45:06,066 INFO archived https://twitter.com/newliberal2017/status/840619287349993473
2017-03-11 17:45:06,066 INFO archived https://twitter.com/euinbrum/status/840619224326381570
2017-03-11 17:45:06,066 INFO archived https://twitter.com/aonbhar/status/840618814505127937
2017-03-11 17:45:06,067 INFO archived https://twitter.com/FParsonage/status/840618487395557377
2017-03-11 17:45:06,067 INFO archived https://twitter.com/dadskipworth/status/840618376359792643
2017-03-11 17:45:06,067 INFO archived https://twitter.com/newliberal2017/status/840618224953753600
2017-03-11 17:45:06,067 INFO archived https://twitter.com/Biteback1970/status/840617974373445633
2017-03-11 17:45:06,067 INFO archived https://twitter.com/c_plumpton/status/840617833843302401
2017-03-11 17:45:06,067 INFO archived https://twitter.com/LordApetsi/status/840617379252051972
2017-03-11 17:45:06,068 INFO archived https://twitter.com/EUtopean/status/840617378585149440
2017-03-11 17:45:06,068 INFO archived https://twitter.com/newliberal2017/status/840617309710503937
2017-03-11 17:45:06,068 INFO archived https://twitter.com/DixieRose100/status/840617265095675905
2017-03-11 17:45:06,068 INFO archived https://twitter.com/MarkAsh46578148/status/840617257847934976
2017-03-11 17:45:06,068 INFO archived https://twitter.com/Luigina369/status/840617015488446464
2017-03-11 17:45:06,069 INFO archived https://twitter.com/kornelia38/status/840616849842810881
2017-03-11 17:45:06,069 INFO archived https://twitter.com/sherardcc/status/840616846948732933
2017-03-11 17:45:06,069 INFO archived https://twitter.com/JeanneBartram/status/840616724298944515
2017-03-11 17:45:06,069 INFO archived https://twitter.com/ChicoDaNero/status/840616712785534977
2017-03-11 17:45:06,069 INFO archived https://twitter.com/euinbrum/status/840616534053683200
2017-03-11 17:45:06,069 INFO archived https://twitter.com/FairishGodmum/status/840616261671358464
2017-03-11 17:45:06,070 INFO archived https://twitter.com/cirian75/status/840615853766918144
2017-03-11 17:45:06,070 INFO archived https://twitter.com/y_gigfran/status/840615782463754241
2017-03-11 17:45:06,070 INFO archived https://twitter.com/Biteback1970/status/840615632978755584
2017-03-11 17:45:06,070 INFO archived https://twitter.com/SallySeafr/status/840615596060471296
2017-03-11 17:45:06,070 INFO archived https://twitter.com/helenyg/status/840615323304898561
2017-03-11 17:45:06,071 INFO archived https://twitter.com/cbhofmann/status/840615314916311040
2017-03-11 17:45:06,071 INFO archived https://twitter.com/Casssanndraaaa/status/840615307727237125
2017-03-11 17:45:06,071 INFO archived https://twitter.com/oneill_michelle/status/840615305386852353
2017-03-11 17:45:06,072 INFO archived https://twitter.com/wikogolf/status/840615185043845122
2017-03-11 17:45:06,072 INFO archived https://twitter.com/WhitesidePaula/status/840615182741172224
2017-03-11 17:45:06,072 INFO archived https://twitter.com/EUtopean/status/840615168488935424
2017-03-11 17:45:06,072 INFO archived https://twitter.com/VIII_VI/status/840614808202424320
2017-03-11 17:45:06,072 INFO archived https://twitter.com/WhitesidePaula/status/840614799222419457
2017-03-11 17:45:06,072 INFO archived https://twitter.com/andyhunt81/status/840614776132767744
2017-03-11 17:45:06,073 INFO archived https://twitter.com/beyer_char/status/840614769698701313
2017-03-11 17:45:06,073 INFO archived https://twitter.com/technige/status/840614660462280709
2017-03-11 17:45:06,073 INFO archived https://twitter.com/WhitesidePaula/status/840614619542671361
2017-03-11 17:45:06,073 INFO archived https://twitter.com/SusanSt51/status/840614552798674944
2017-03-11 17:45:06,073 INFO archived https://twitter.com/euinbrum/status/840614503876313088
2017-03-11 17:45:06,073 INFO archived https://twitter.com/EUtopean/status/840614207544541185
2017-03-11 17:45:06,074 INFO archived https://twitter.com/GlenKCampbell/status/840614036484030464
2017-03-11 17:45:06,074 INFO archived https://twitter.com/BeerPadawan/status/840614018448576517
2017-03-11 17:45:06,074 INFO archived https://twitter.com/sa_cullen/status/840613932834406404
2017-03-11 17:45:06,074 INFO archived https://twitter.com/susan_bell1212/status/840613660556963841
2017-03-11 17:45:06,074 INFO archived https://twitter.com/sa_cullen/status/840613632413188096
2017-03-11 17:45:06,074 INFO archived https://twitter.com/roblally/status/840613516369260544
2017-03-11 17:45:06,075 INFO archived https://twitter.com/aitkengraeme/status/840613338191187969
2017-03-11 17:45:06,075 INFO archived https://twitter.com/sugarbean66/status/840613260781080576
2017-03-11 17:45:06,075 INFO archived https://twitter.com/jonnets/status/840612887802593282
2017-03-11 17:45:06,075 INFO archived https://twitter.com/daisymplewis/status/840612740997734401
2017-03-11 17:45:06,075 INFO archived https://twitter.com/jonnets/status/840612618192732160
2017-03-11 17:45:06,075 INFO archived https://twitter.com/alanthelondoner/status/840612356996644869
2017-03-11 17:45:06,076 INFO archived https://twitter.com/alanthelondoner/status/840612300088344576
2017-03-11 17:45:06,076 INFO archived https://twitter.com/KyraKramer/status/840612175580409856
2017-03-11 17:45:06,076 INFO archived https://twitter.com/NoiseClinic1/status/840611955790491649
2017-03-11 17:45:06,076 INFO archived https://twitter.com/EK_Heather/status/840611939755663360
2017-03-11 17:45:06,076 INFO archived https://twitter.com/FloozyMcPoptart/status/840611916640841728
2017-03-11 17:45:06,076 INFO archived https://twitter.com/RPDCraddock/status/840611764333137920
2017-03-11 17:45:06,076 INFO archived https://twitter.com/cbhofmann/status/840611750366105600
2017-03-11 17:45:06,077 INFO archived https://twitter.com/evafairlie/status/840611563216203777
2017-03-11 17:45:06,077 INFO archived https://twitter.com/Chiclanagirl/status/840611316406595585
2017-03-11 17:45:06,077 INFO archived https://twitter.com/lunaperla/status/840611295854489600
2017-03-11 17:45:06,077 INFO archived https://twitter.com/melodynebell/status/840611244872740864
2017-03-11 17:45:06,077 INFO archived https://twitter.com/CasboltW/status/840611228582047744
2017-03-11 17:45:06,077 INFO archived https://twitter.com/Teo_TM_/status/840610816718196736
2017-03-11 17:45:06,078 INFO archived https://twitter.com/SandraDunn1955/status/840610779493781504
2017-03-11 17:45:06,078 INFO archived https://twitter.com/stevieby/status/840610731561230337
2017-03-11 17:45:06,078 INFO archived https://twitter.com/jonnets/status/840610675357548545
2017-03-11 17:45:06,078 INFO archived https://twitter.com/irishgall77/status/840610627018186754
2017-03-11 17:45:06,078 INFO archived https://twitter.com/HollyKemsley/status/840610510928257025
2017-03-11 17:45:06,078 INFO archived https://twitter.com/NeurolawGuy/status/840610506838802432
2017-03-11 17:45:06,079 INFO archived https://twitter.com/Fermentedmust/status/840609917170003968
2017-03-11 17:45:06,079 INFO archived https://twitter.com/ianiw/status/840609288653529088
2017-03-11 17:45:06,079 INFO archived https://twitter.com/giselle97/status/840609203463049216
2017-03-11 17:45:06,079 INFO archived https://twitter.com/PossiblyAlan/status/840609095564570624
2017-03-11 17:45:06,079 INFO archived https://twitter.com/ASurreyLady/status/840608909966606340
2017-03-11 17:45:06,079 INFO archived https://twitter.com/Caroleoreilly/status/840608587479162880
2017-03-11 17:45:06,080 INFO archived https://twitter.com/ks_1968/status/840608499281342465
2017-03-11 17:45:06,080 INFO archived https://twitter.com/CaroleMagoha/status/840608259052576768
2017-03-11 17:45:06,080 INFO archived https://twitter.com/euinbrum/status/840608216123867137
2017-03-11 17:45:06,080 INFO archived https://twitter.com/GrumpybaldProf/status/840607925043417089
2017-03-11 17:45:06,080 INFO archived https://twitter.com/annetteashley61/status/840607823864176640
2017-03-11 17:45:06,080 INFO archived https://twitter.com/Sheryl28968767/status/840607410314194944
2017-03-11 17:45:06,081 INFO archived https://twitter.com/MouldsSylvia/status/840607007841406976
2017-03-11 17:45:06,081 INFO archived https://twitter.com/stop1984/status/840606838307581953
2017-03-11 17:45:06,081 INFO archived https://twitter.com/AndyRuscoe/status/840605422226563072
2017-03-11 17:45:06,081 INFO archived https://twitter.com/cian2me/status/840605311350263809
2017-03-11 17:45:06,081 INFO archived https://twitter.com/brexitruth/status/840605281004449792
2017-03-11 17:45:06,081 INFO archived https://twitter.com/Pedrovian/status/840605263308627970
2017-03-11 17:45:06,082 INFO archived https://twitter.com/tomdoorley/status/840605245436760064
2017-03-11 17:45:06,082 INFO archived https://twitter.com/Firstlookequity/status/840604554165133313
2017-03-11 17:45:06,082 INFO archived https://twitter.com/Gordon1000/status/840604538193215489
2017-03-11 17:45:06,082 INFO archived https://twitter.com/InfoGirl875/status/840604529083183104
2017-03-11 17:45:06,082 INFO archived https://twitter.com/Fermentedmust/status/840604471369560065
2017-03-11 17:45:06,082 INFO archived https://twitter.com/Maria62640456/status/840603905906098177
2017-03-11 17:45:06,083 INFO archived https://twitter.com/hes153ter/status/840603735428587520
2017-03-11 17:45:06,614 INFO archived https://twitter.com/ChrisRaple/status/840603674632179712
2017-03-11 17:45:06,615 INFO archived https://twitter.com/ceedoubleu/status/840603668198096896
2017-03-11 17:45:06,615 INFO archived https://twitter.com/BrexitDebateUK/status/840603540427026432
2017-03-11 17:45:06,615 INFO archived https://twitter.com/BrexitDebateUK/status/840603513830924288
2017-03-11 17:45:06,615 INFO archived https://twitter.com/Fermentedmust/status/840603342573318144
2017-03-11 17:45:06,615 INFO archived https://twitter.com/Veracity4U/status/840603310658867200
2017-03-11 17:45:06,616 INFO archived https://twitter.com/BryanTheNewt/status/840603308595240961
2017-03-11 17:45:06,616 INFO archived https://twitter.com/HazeMarcks/status/840603260566290432
2017-03-11 17:45:06,616 INFO archived https://twitter.com/NeilLaister/status/840603069910011904
2017-03-11 17:45:06,616 INFO archived https://twitter.com/alecr1952/status/840603049408229376
2017-03-11 17:45:06,616 INFO archived https://twitter.com/Anory12Jack/status/840603003673542658
2017-03-11 17:45:06,616 INFO archived https://twitter.com/Anory12Jack/status/840602949470556161
2017-03-11 17:45:06,617 INFO archived https://twitter.com/vespasian91/status/840602703340408834
2017-03-11 17:45:06,617 INFO archived https://twitter.com/vjl2/status/840602542757289989
2017-03-11 17:45:06,617 INFO archived https://twitter.com/cybereuro/status/840602210782322688
2017-03-11 17:45:06,617 INFO archived https://twitter.com/Hapz85/status/840601784385167361
2017-03-11 17:45:06,617 INFO archived https://twitter.com/JorgeAA1971/status/840601760863510533
2017-03-11 17:45:06,618 INFO archived https://twitter.com/robert51edwards/status/840601447049904128
2017-03-11 17:45:06,618 INFO archived https://twitter.com/ukreloaded/status/840601119588024321
2017-03-11 17:45:06,618 INFO archived https://twitter.com/JorgeAA1971/status/840600743648333825
2017-03-11 17:45:06,618 INFO archived https://twitter.com/valerimelnyczuk/status/840600518149984256
2017-03-11 17:45:06,618 INFO archived https://twitter.com/andymoz78/status/840600282589474817
2017-03-11 17:45:06,618 INFO archived https://twitter.com/Rob71350/status/840600104931348481
2017-03-11 17:45:06,619 INFO archived https://twitter.com/P25_Fletch/status/840599965051285504
2017-03-11 17:45:06,619 INFO archived https://twitter.com/RamiroJCar/status/840599742035947520
2017-03-11 17:45:06,619 INFO archived https://twitter.com/PaulJMas/status/840599610842370048
2017-03-11 17:45:06,619 INFO archived https://twitter.com/EUtopean/status/840599121887129600
2017-03-11 17:45:06,619 INFO archived https://twitter.com/IsThisAB0t/status/840598993365262337
2017-03-11 17:45:06,619 INFO archived https://twitter.com/neilrdg/status/840598950944075776
2017-03-11 17:45:06,619 INFO archived https://twitter.com/McBill54/status/840598922498314241
2017-03-11 17:45:06,620 INFO archived https://twitter.com/KingInTheNCP/status/840598146887557120
2017-03-11 17:45:06,620 INFO archived https://twitter.com/barry_richards/status/840598027664531457
2017-03-11 17:45:06,620 INFO archived https://twitter.com/ProfJFonseca/status/840597506652274689
2017-03-11 17:45:06,620 INFO archived https://twitter.com/Town__Clown/status/840597375643181056
2017-03-11 17:45:06,620 INFO archived https://twitter.com/Preamble_LibDem/status/840597099397943296
2017-03-11 17:45:06,621 INFO archived https://twitter.com/valerimelnyczuk/status/840596678524751873
2017-03-11 17:45:06,621 INFO archived https://twitter.com/Bi99le5/status/840596665836949510
2017-03-11 17:45:06,621 INFO archived https://twitter.com/TallDaveSE11/status/840596591434190848
2017-03-11 17:45:06,621 INFO archived https://twitter.com/StollmeyerEU/status/840596064457674752
2017-03-11 17:45:06,621 INFO archived https://twitter.com/johnmalta99/status/840595998514827264
2017-03-11 17:45:06,621 INFO archived https://twitter.com/Jeabvm/status/840595967325933570
2017-03-11 17:45:06,622 INFO archived https://twitter.com/cnrobson/status/840595892914835457
2017-03-11 17:45:06,622 INFO archived https://twitter.com/cnrobson/status/840595849268862976
2017-03-11 17:45:06,622 INFO archived https://twitter.com/AgEnough/status/840595794327670785
2017-03-11 17:45:06,622 INFO archived https://twitter.com/jwahjwah/status/840595705811066880
2017-03-11 17:45:06,622 INFO archived https://twitter.com/SaltyHarrumph/status/840595530833100800
2017-03-11 17:45:06,622 INFO archived https://twitter.com/KettlewellCraig/status/840595351279140865
2017-03-11 17:45:06,623 INFO archived https://twitter.com/davetenbob68/status/840595213362040832
2017-03-11 17:45:06,623 INFO archived https://twitter.com/political_qs/status/840595148161576960
2017-03-11 17:45:06,623 INFO archived https://twitter.com/GourmetGuideLON/status/840594903600115712
2017-03-11 17:45:06,623 INFO archived https://twitter.com/maelysdervenn/status/840594866862198785
2017-03-11 17:45:06,623 INFO archived https://twitter.com/raf1955/status/840594291860918273
2017-03-11 17:45:06,623 INFO archived https://twitter.com/miketoons/status/840594023853223937
2017-03-11 17:45:06,624 INFO archived https://twitter.com/TheWarOfNow/status/840593799042723840
2017-03-11 17:45:06,624 INFO archived https://twitter.com/agapanthus49/status/840593739747868672
2017-03-11 17:45:06,624 INFO archived https://twitter.com/gbfo/status/840593706625454081
2017-03-11 17:45:06,624 INFO archived https://twitter.com/westray64/status/840593649595490308
2017-03-11 17:45:06,624 INFO archived https://twitter.com/annabindi2/status/840593589478539264
2017-03-11 17:45:06,625 INFO archived https://twitter.com/Rodericgray/status/840593310490198017
2017-03-11 17:45:06,625 INFO archived https://twitter.com/StillYesScot/status/840593286108721152
2017-03-11 17:45:06,625 INFO archived https://twitter.com/elizaboaz3/status/840593256316583937
2017-03-11 17:45:06,625 INFO archived https://twitter.com/elizaboaz3/status/840593214662987778
2017-03-11 17:45:06,625 INFO archived https://twitter.com/GauthierSoho/status/840593212951711745
2017-03-11 17:45:06,625 INFO archived https://twitter.com/aldombr/status/840593185676103680
2017-03-11 17:45:06,625 INFO archived https://twitter.com/asaadals/status/840593125630464006
2017-03-11 17:45:06,626 INFO archived https://twitter.com/melwest14/status/840593079656710144
2017-03-11 17:45:06,626 INFO archived https://twitter.com/PartPeculiar/status/840592928636571648
2017-03-11 17:45:06,626 INFO archived https://twitter.com/valerimelnyczuk/status/840592662101184514
2017-03-11 17:45:06,626 INFO archived https://twitter.com/MrConnieS/status/840592653876133888
2017-03-11 17:45:06,626 INFO archived https://twitter.com/EUtopean/status/840592527564640257
2017-03-11 17:45:06,626 INFO archived https://twitter.com/PartPeculiar/status/840592282923466752
2017-03-11 17:45:06,626 INFO archived https://twitter.com/debecca/status/840592217341325312
2017-03-11 17:45:06,627 INFO archived https://twitter.com/valerimelnyczuk/status/840592204590678017
2017-03-11 17:45:06,627 INFO archived https://twitter.com/zunderwhelmed/status/840591726905561088
2017-03-11 17:45:06,627 INFO archived https://twitter.com/MamaPBee/status/840591684362747906
2017-03-11 17:45:06,627 INFO archived https://twitter.com/Alfred996/status/840591538329657344
2017-03-11 17:45:06,627 INFO archived https://twitter.com/tunn0cksteacake/status/840591449150369793
2017-03-11 17:45:06,627 INFO archived https://twitter.com/noneedforgreed/status/840591249493151744
2017-03-11 17:45:06,628 INFO archived https://twitter.com/LYScotland/status/840591179041427457
2017-03-11 17:45:06,628 INFO archived https://twitter.com/JohnStrawson/status/840591161010094080
2017-03-11 17:45:06,628 INFO archived https://twitter.com/valerimelnyczuk/status/840591032240738305
2017-03-11 17:45:06,628 INFO archived https://twitter.com/AberconwyLibDem/status/840590892197126148
2017-03-11 17:45:06,628 INFO archived https://twitter.com/suenay682/status/840590838883373056
2017-03-11 17:45:06,628 INFO archived https://twitter.com/Gar1e/status/840590787905769472
2017-03-11 17:45:06,628 INFO archived https://twitter.com/suenay682/status/840590772487520256
2017-03-11 17:45:06,629 INFO archived https://twitter.com/girlarms_evans/status/840590674454020096
2017-03-11 17:45:06,629 INFO archived https://twitter.com/cathbooth/status/840590191291187200
2017-03-11 17:45:06,629 INFO archived https://twitter.com/groktrek/status/840589682622754817
2017-03-11 17:45:06,629 INFO archived https://twitter.com/trevdick/status/840589676964663301
2017-03-11 17:45:06,629 INFO archived https://twitter.com/RIWills/status/840589667904978944
2017-03-11 17:45:06,630 INFO archived https://twitter.com/feelfascination/status/840589575328321536
2017-03-11 17:45:06,630 INFO archived https://twitter.com/mihangel71/status/840589535092318208
2017-03-11 17:45:06,630 INFO archived https://twitter.com/Unwariest/status/840589481472335873
2017-03-11 17:45:06,630 INFO archived https://twitter.com/chrisbbird/status/840589470894297088
2017-03-11 17:45:06,630 INFO archived https://twitter.com/smalley_d/status/840589326811557889
2017-03-11 17:45:06,630 INFO archived https://twitter.com/Herbiv4/status/840589302060969984
2017-03-11 17:45:06,630 INFO archived https://twitter.com/EUtopean/status/840589204316905473
2017-03-11 17:45:06,631 INFO archived https://twitter.com/Liyhaboo16/status/840589103385235456
2017-03-11 17:45:06,631 INFO archived https://twitter.com/bobjlawrie/status/840589010435215361
2017-03-11 17:45:06,631 INFO archived https://twitter.com/FastPlaying/status/840588586743431168
2017-03-11 17:45:07,250 INFO archived https://twitter.com/Majikthyse/status/840588583794835459
2017-03-11 17:45:07,251 INFO archived https://twitter.com/richardcalhoun/status/840588424998445056
2017-03-11 17:45:07,251 INFO archived https://twitter.com/Casino_0nline/status/840588283260354560
2017-03-11 17:45:07,251 INFO archived https://twitter.com/dbkell/status/840588214306013184
2017-03-11 17:45:07,251 INFO archived https://twitter.com/dbkell/status/840588186355191808
2017-03-11 17:45:07,251 INFO archived https://twitter.com/trevdick/status/840588126376624130
2017-03-11 17:45:07,251 INFO archived https://twitter.com/political_qs/status/840587764882165760
2017-03-11 17:45:07,252 INFO archived https://twitter.com/lawshalls/status/840587655565959168
2017-03-11 17:45:07,252 INFO archived https://twitter.com/jsgourevitch/status/840587609843912706
2017-03-11 17:45:07,252 INFO archived https://twitter.com/cawsandfleur/status/840587345107783680
2017-03-11 17:45:07,252 INFO archived https://twitter.com/PatMcGinley13/status/840587270524698624
2017-03-11 17:45:07,252 INFO archived https://twitter.com/meandme3010/status/840587107399847936
2017-03-11 17:45:07,253 INFO archived https://twitter.com/AnnaPindurka/status/840587013044731904
2017-03-11 17:45:07,253 INFO archived https://twitter.com/IndigoDec/status/840586767757651970
2017-03-11 17:45:07,253 INFO archived https://twitter.com/JackridRob/status/840586688086827008
2017-03-11 17:45:07,253 INFO archived https://twitter.com/suenay682/status/840586658726727681
2017-03-11 17:45:07,253 INFO archived https://twitter.com/KimSJ/status/840586491009069056
2017-03-11 17:45:07,253 INFO archived https://twitter.com/EuEthnic/status/840586459686002688
2017-03-11 17:45:07,254 INFO archived https://twitter.com/WickerMagpie/status/840586397291560962
2017-03-11 17:45:07,254 INFO archived https://twitter.com/EK_Heather/status/840586018231324678
2017-03-11 17:45:07,254 INFO archived https://twitter.com/GeraintLewis/status/840585999902244865
2017-03-11 17:45:07,254 INFO archived https://twitter.com/KettlewellCraig/status/840585949373431808
2017-03-11 17:45:07,254 INFO archived https://twitter.com/WCroydonVoice/status/840585697534849025
2017-03-11 17:45:07,254 INFO archived https://twitter.com/political_qs/status/840585580811550720
2017-03-11 17:45:07,254 INFO archived https://twitter.com/2bfree4ever/status/840585453531193344
2017-03-11 17:45:07,255 INFO archived https://twitter.com/spayrechaynge/status/840585444874178566
2017-03-11 17:45:07,255 INFO archived https://twitter.com/vincentbir/status/840585385155657728
2017-03-11 17:45:07,255 INFO archived https://twitter.com/WCroydonVoice/status/840585355644551168
2017-03-11 17:45:07,255 INFO archived https://twitter.com/mlen72/status/840585222173384704
2017-03-11 17:45:07,255 INFO archived https://twitter.com/teahob16/status/840585077990010882
2017-03-11 17:45:07,255 INFO archived https://twitter.com/p1wfz/status/840585058276823042
2017-03-11 17:45:07,256 INFO archived https://twitter.com/Earindill/status/840585019030687744
2017-03-11 17:45:07,256 INFO archived https://twitter.com/coopersf12345/status/840584916651892736
2017-03-11 17:45:07,256 INFO archived https://twitter.com/Earindill/status/840584911803277313
2017-03-11 17:45:07,256 INFO archived https://twitter.com/EUtopean/status/840584858678284289
2017-03-11 17:45:07,256 INFO archived https://twitter.com/moran_matthew/status/840584650846326785
2017-03-11 17:45:07,256 INFO archived https://twitter.com/Lance63/status/840584633964212226
2017-03-11 17:45:07,257 INFO archived https://twitter.com/cmwheatley56/status/840584244393070592
2017-03-11 17:45:07,257 INFO archived https://twitter.com/caracal/status/840583411907596288
2017-03-11 17:45:07,257 INFO archived https://twitter.com/neilmbriscoe/status/840583222568333313
2017-03-11 17:45:07,257 INFO archived https://twitter.com/gazman747/status/840583037666627585
2017-03-11 17:45:07,257 INFO archived https://twitter.com/Bradley_MJB111/status/840582941826809856
2017-03-11 17:45:07,257 INFO archived https://twitter.com/ThermobaricTom/status/840582848918781952
2017-03-11 17:45:07,258 INFO archived https://twitter.com/CliveMKing/status/840582670379864068
2017-03-11 17:45:07,258 INFO archived https://twitter.com/John_Baw/status/840582634870865920
2017-03-11 17:45:07,258 INFO archived https://twitter.com/Rosiecat2/status/840582580474900480
2017-03-11 17:45:07,258 INFO archived https://twitter.com/51TJK/status/840582475797671936
2017-03-11 17:45:07,258 INFO archived https://twitter.com/trevdick/status/840582468432515075
2017-03-11 17:45:07,258 INFO archived https://twitter.com/GamerHazelnut/status/840582365877542913
2017-03-11 17:45:07,259 INFO archived https://twitter.com/AngelLamuno/status/840582352279609344
2017-03-11 17:45:07,259 INFO archived https://twitter.com/mwfamhist/status/840582305672486913
2017-03-11 17:45:07,259 INFO archived https://twitter.com/LeylandCacti/status/840582202823974912
2017-03-11 17:45:07,259 INFO archived https://twitter.com/br32789782/status/840582201473396737
2017-03-11 17:45:07,259 INFO archived https://twitter.com/FATIMACURZIO/status/840582035869708289
2017-03-11 17:45:07,260 INFO archived https://twitter.com/FATIMACURZIO/status/840581916449476609
2017-03-11 17:45:07,260 INFO archived https://twitter.com/GamerHazelnut/status/840581895587004416
2017-03-11 17:45:07,260 INFO archived https://twitter.com/gsyblue/status/840581881091481603
2017-03-11 17:45:07,260 INFO archived https://twitter.com/IndigoSkyes/status/840581831774867456
2017-03-11 17:45:07,260 INFO archived https://twitter.com/LittleGravitas/status/840581816717324288
2017-03-11 17:45:07,260 INFO archived https://twitter.com/GamerHazelnut/status/840581715047387137
2017-03-11 17:45:07,260 INFO archived https://twitter.com/thisisasimon/status/840581513066532864
2017-03-11 17:45:07,261 INFO archived https://twitter.com/OnnyPonny/status/840581488139739137
2017-03-11 17:45:07,261 INFO archived https://twitter.com/EUtopean/status/840581343855669248
2017-03-11 17:45:07,261 INFO archived https://twitter.com/scarbro8/status/840580977835544577
2017-03-11 17:45:07,261 INFO archived https://twitter.com/FranchiSeedsUK/status/840580905131491328
2017-03-11 17:45:07,261 INFO archived https://twitter.com/satmandu/status/840580801859354624
2017-03-11 17:45:07,261 INFO archived https://twitter.com/EUflagmafia/status/840580749803827200
2017-03-11 17:45:07,262 INFO archived https://twitter.com/Christi80172188/status/840580701359603712
2017-03-11 17:45:07,262 INFO archived https://twitter.com/55Massey/status/840580672251133952
2017-03-11 17:45:07,262 INFO archived https://twitter.com/rainnights/status/840580669550010368
2017-03-11 17:45:07,262 INFO archived https://twitter.com/BeffernieBlack/status/840580629045620737
2017-03-11 17:45:07,262 INFO archived https://twitter.com/EUtopean/status/840580574540640263
2017-03-11 17:45:07,262 INFO archived https://twitter.com/CamilaPenrayfon/status/840580488117002240
2017-03-11 17:45:07,263 INFO archived https://twitter.com/gassee/status/840580454231101440
2017-03-11 17:45:07,263 INFO archived https://twitter.com/ajcrompton1/status/840580369233649665
2017-03-11 17:45:07,263 INFO archived https://twitter.com/MrJCHughes/status/840580328074952709
2017-03-11 17:45:07,263 INFO archived https://twitter.com/craigmnet/status/840580312539287552
2017-03-11 17:45:07,263 INFO archived https://twitter.com/josepicardoSHS/status/840580147602436096
2017-03-11 17:45:07,263 INFO archived https://twitter.com/WendyNowak/status/840580142393106433
2017-03-11 17:45:07,264 INFO archived https://twitter.com/PollyBillington/status/840580091893682176
2017-03-11 17:45:07,264 INFO archived https://twitter.com/TobyWillison/status/840580050739200001
2017-03-11 17:45:07,264 INFO archived https://twitter.com/hermeshermu/status/840580016035512320
2017-03-11 17:45:07,264 INFO archived https://twitter.com/ianbetteridge/status/840579975057178624
2017-03-11 17:45:07,264 INFO archived https://twitter.com/magapanthus/status/840579914382352384
2017-03-11 17:45:07,264 INFO archived https://twitter.com/hermeshermu/status/840579679643926528
2017-03-11 17:45:07,265 INFO archived https://twitter.com/corrydes/status/840579483455377412
2017-03-11 17:45:07,265 INFO archived https://twitter.com/4evapoison/status/840579162150731777
2017-03-11 17:45:07,265 INFO archived https://twitter.com/NicBourgueil/status/840579070521950208
2017-03-11 17:45:07,265 INFO archived https://twitter.com/steve29hall/status/840579066315067396
2017-03-11 17:45:07,265 INFO archived https://twitter.com/stroppypanda/status/840579023130505216
2017-03-11 17:45:07,266 INFO archived https://twitter.com/aviatrixCR/status/840578948920684545
2017-03-11 17:45:07,266 INFO archived https://twitter.com/mrmarkf/status/840578796742934528
2017-03-11 17:45:07,266 INFO archived https://twitter.com/adam_steinert/status/840578587497488384
2017-03-11 17:45:07,266 INFO archived https://twitter.com/MarianSwetman/status/840578583168966657
2017-03-11 17:45:07,266 INFO archived https://twitter.com/nati_234/status/840578581306695680
2017-03-11 17:45:07,266 INFO archived https://twitter.com/nati_234/status/840578546959564800
2017-03-11 17:45:07,266 INFO archived https://twitter.com/unclecrispies/status/840578544182927361
2017-03-11 17:45:07,267 INFO archived https://twitter.com/hazelglasgow/status/840578452617089024
2017-03-11 17:45:07,267 INFO archived https://twitter.com/everetro/status/840578318009278465
2017-03-11 17:45:07,267 INFO archived https://twitter.com/rsanchezpizani/status/840578262317301760
2017-03-11 17:45:07,872 INFO archived https://twitter.com/TheSlideTackle/status/840578151302463490
2017-03-11 17:45:07,873 INFO archived https://twitter.com/JonnyBoyFrance/status/840578053369692160
2017-03-11 17:45:07,873 INFO archived https://twitter.com/IPv2/status/840577985568755717
2017-03-11 17:45:07,873 INFO archived https://twitter.com/EUtopean/status/840577831948165120
2017-03-11 17:45:07,873 INFO archived https://twitter.com/vdavidmartin/status/840577823114973184
2017-03-11 17:45:07,873 INFO archived https://twitter.com/ImpGardener/status/840577772548423680
2017-03-11 17:45:07,874 INFO archived https://twitter.com/rsanchezpizani/status/840577766688972801
2017-03-11 17:45:07,874 INFO archived https://twitter.com/MikeDaviesNow/status/840577730164998144
2017-03-11 17:45:07,874 INFO archived https://twitter.com/Steviejoyd/status/840577687982862337
2017-03-11 17:45:07,874 INFO archived https://twitter.com/fulhamsteve/status/840577608823799809
2017-03-11 17:45:07,874 INFO archived https://twitter.com/ConallOM/status/840577546211192837
2017-03-11 17:45:07,874 INFO archived https://twitter.com/whyohwhyfather/status/840577500107440128
2017-03-11 17:45:07,875 INFO archived https://twitter.com/whyohwhyfather/status/840577474274701312
2017-03-11 17:45:07,875 INFO archived https://twitter.com/JoePajak/status/840577463751192578
2017-03-11 17:45:07,875 INFO archived https://twitter.com/pg4444/status/840577428087021568
2017-03-11 17:45:07,875 INFO archived https://twitter.com/barfilfarm/status/840577401788727296
2017-03-11 17:45:07,875 INFO archived https://twitter.com/lunaperla/status/840577382205538304
2017-03-11 17:45:07,876 INFO archived https://twitter.com/salw0109/status/840577367449976832
2017-03-11 17:45:07,876 INFO archived https://twitter.com/EUlvis/status/840577338656055296
2017-03-11 17:45:07,876 INFO archived https://twitter.com/BeaufortEve/status/840577303243554816
2017-03-11 17:45:07,876 INFO archived https://twitter.com/kayswax/status/840577224017346560
2017-03-11 17:45:07,876 INFO archived https://twitter.com/GerHerbert1/status/840577216375377920
2017-03-11 17:45:07,876 INFO archived https://twitter.com/kayswax/status/840577186373500928
2017-03-11 17:45:07,877 INFO archived https://twitter.com/_Merlyn/status/840577175959019525
2017-03-11 17:45:07,877 INFO archived https://twitter.com/zibeeb/status/840577120657113088
2017-03-11 17:45:07,877 INFO archived https://twitter.com/KevinSharpe59/status/840577061911711744
2017-03-11 17:45:07,877 INFO archived https://twitter.com/Ferretgrove/status/840577029087121408
2017-03-11 17:45:07,877 INFO archived https://twitter.com/salw0109/status/840576988125507584
2017-03-11 17:45:07,877 INFO archived https://twitter.com/LesTroisChenes/status/840576983767633920
2017-03-11 17:45:07,878 INFO archived https://twitter.com/bpfusionjazz/status/840576928897732608
2017-03-11 17:45:07,878 INFO archived https://twitter.com/AndyParrott1/status/840576916310654976
2017-03-11 17:45:07,878 INFO archived https://twitter.com/JL_998/status/840576896056324097
2017-03-11 17:45:07,878 INFO archived https://twitter.com/stroppypanda/status/840576877450387457
2017-03-11 17:45:07,878 INFO archived https://twitter.com/LondonItl/status/840576865660219396
2017-03-11 17:45:07,878 INFO archived https://twitter.com/acgrayling/status/840576809494315010
2017-03-11 17:45:07,879 INFO archived https://twitter.com/acgrayling/status/840576732394594305
2017-03-11 17:45:07,879 INFO archived https://twitter.com/acgrayling/status/840576686492135424
2017-03-11 17:45:07,879 INFO archived https://twitter.com/JoRichardsKent/status/840576595274412032
2017-03-11 17:45:07,879 INFO archived https://twitter.com/Zeb_733/status/840576582238519297
2017-03-11 17:45:07,879 INFO archived https://twitter.com/TerryEnga/status/840576306853085185
2017-03-11 17:45:07,879 INFO archived https://twitter.com/ajmpolite/status/840575785173934082
2017-03-11 17:45:07,880 INFO archived https://twitter.com/wild_ted/status/840575700184772608
2017-03-11 17:45:07,880 INFO archived https://twitter.com/moh_kohn/status/840575625157058560
2017-03-11 17:45:07,880 INFO archived https://twitter.com/bdg_za/status/840575448685924352
2017-03-11 17:45:07,880 INFO archived https://twitter.com/weabod/status/840574857406492672
2017-03-11 17:45:07,880 INFO archived https://twitter.com/AdrianMulholla1/status/840574847843483651
2017-03-11 17:45:07,880 INFO archived https://twitter.com/Y90SMH/status/840574556012204032
2017-03-11 17:45:07,881 INFO archived https://twitter.com/georgebernhard/status/840574281251713024
2017-03-11 17:45:07,881 INFO archived https://twitter.com/rosegrayston/status/840574251048542208
2017-03-11 17:45:07,881 INFO archived https://twitter.com/SuzieNichols/status/840574182974976000
2017-03-11 17:45:07,881 INFO archived https://twitter.com/sickBocks/status/840574135302406145
2017-03-11 17:45:07,881 INFO archived https://twitter.com/weabod/status/840574057238147073
2017-03-11 17:45:07,881 INFO archived https://twitter.com/Eureluctantvote/status/840573915982417921
2017-03-11 17:45:07,881 INFO archived https://twitter.com/caracal/status/840573720200646656
2017-03-11 17:45:07,882 INFO archived https://twitter.com/SallySeafr/status/840573574754816004
2017-03-11 17:45:07,882 INFO archived https://twitter.com/IJP74/status/840573492793876485
2017-03-11 17:45:07,882 INFO archived https://twitter.com/LiberalElite01/status/840573433427709955
2017-03-11 17:45:07,882 INFO archived https://twitter.com/RozDeKett/status/840573383351906309
2017-03-11 17:45:07,882 INFO archived https://twitter.com/EUtopean/status/840573355065528320
2017-03-11 17:45:07,882 INFO archived https://twitter.com/jwahjwah/status/840573319590117377
2017-03-11 17:45:07,882 INFO archived https://twitter.com/mohnkuchenfan/status/840573214300487680
2017-03-11 17:45:07,883 INFO archived https://twitter.com/DickWinchester/status/840573082255384580
2017-03-11 17:45:07,883 INFO archived https://twitter.com/cambridge_stays/status/840573046012411904
2017-03-11 17:45:07,883 INFO archived https://twitter.com/IJP74/status/840573000743305218
2017-03-11 17:45:07,883 INFO archived https://twitter.com/KevinSharpe59/status/840572716595961856
2017-03-11 17:45:07,883 INFO archived https://twitter.com/KevinSharpe59/status/840572404107759621
2017-03-11 17:45:07,883 INFO archived https://twitter.com/iainjblack/status/840572204819611648
2017-03-11 17:45:07,884 INFO archived https://twitter.com/CornishSkipper/status/840572175547564034
2017-03-11 17:45:07,884 INFO archived https://twitter.com/MVGouldthorpe/status/840572050834128898
2017-03-11 17:45:07,884 INFO archived https://twitter.com/solange_lebourg/status/840571914737332225
2017-03-11 17:45:07,884 INFO archived https://twitter.com/discreetsecure/status/840571710793482240
2017-03-11 17:45:07,884 INFO archived https://twitter.com/caracal/status/840571555843309571
2017-03-11 17:45:07,884 INFO archived https://twitter.com/Pendler7OL/status/840571221079146497
2017-03-11 17:45:07,885 INFO archived https://twitter.com/Picklejim/status/840570923744940032
2017-03-11 17:45:07,885 INFO archived https://twitter.com/cutter78/status/840570675886739457
2017-03-11 17:45:07,885 INFO archived https://twitter.com/nickreeves9876/status/840570363025190912
2017-03-11 17:45:07,885 INFO archived https://twitter.com/JonathanBuckn13/status/840570044149059584
2017-03-11 17:45:07,885 INFO archived https://twitter.com/eddiesurfs/status/840569631962206209
2017-03-11 17:45:07,885 INFO archived https://twitter.com/ChrisCathrine/status/840569033921560577
2017-03-11 17:45:07,885 INFO archived https://twitter.com/LesTroisChenes/status/840568994428010496
2017-03-11 17:45:07,886 INFO archived https://twitter.com/LesTroisChenes/status/840568595994292224
2017-03-11 17:45:07,886 INFO archived https://twitter.com/Eureluctantvote/status/840568155412021249
2017-03-11 17:45:07,886 INFO archived https://twitter.com/EUtopean/status/840567886993338368
2017-03-11 17:45:07,886 INFO archived https://twitter.com/pault14761/status/840567649167933440
2017-03-11 17:45:07,886 INFO archived https://twitter.com/Prentonpark41/status/840567389741813760
2017-03-11 17:45:07,887 INFO archived https://twitter.com/Shy_Society/status/840567358406180866
2017-03-11 17:45:07,887 INFO archived https://twitter.com/hmckj/status/840567311715180544
2017-03-11 17:45:07,887 INFO archived https://twitter.com/JeSuisEnFlicka/status/840567114784215040
2017-03-11 17:45:07,887 INFO archived https://twitter.com/CelaenoM45/status/840566731785555968
2017-03-11 17:45:07,887 INFO archived https://twitter.com/janetlloydbent/status/840566343573336064
2017-03-11 17:45:07,887 INFO archived https://twitter.com/JoRichardsKent/status/840566130850836480
2017-03-11 17:45:07,888 INFO archived https://twitter.com/MoonStoneClare/status/840565833680203776
2017-03-11 17:45:07,888 INFO archived https://twitter.com/MoonStoneClare/status/840565474878455808
2017-03-11 17:45:07,888 INFO archived https://twitter.com/HackettTom/status/840565104211025920
2017-03-11 17:45:07,888 INFO archived https://twitter.com/TrollULike/status/840564638009962496
2017-03-11 17:45:07,888 INFO archived https://twitter.com/KJK19701/status/840564450096754688
2017-03-11 17:45:07,888 INFO archived https://twitter.com/thephilmorgan1/status/840564437039869952
2017-03-11 17:45:07,889 INFO archived https://twitter.com/ruthybeth12/status/840564240402530306
2017-03-11 17:45:07,889 INFO archived https://twitter.com/JoRichardsKent/status/840564207519162371
2017-03-11 17:45:07,889 INFO archived https://twitter.com/wildkippers/status/840564111486377984
2017-03-11 17:45:08,543 INFO archived https://twitter.com/OldWallerd/status/840563592969760769
2017-03-11 17:45:08,544 INFO archived https://twitter.com/lewischarlespal/status/840563190039740416
2017-03-11 17:45:08,544 INFO archived https://twitter.com/zylaxxi/status/840563008329809920
2017-03-11 17:45:08,544 INFO archived https://twitter.com/julietlodge2/status/840563005314199555
2017-03-11 17:45:08,544 INFO archived https://twitter.com/Scorchio_G/status/840562992135753728
2017-03-11 17:45:08,545 INFO archived https://twitter.com/lulilaw/status/840562696340803584
2017-03-11 17:45:08,545 INFO archived https://twitter.com/shoregains/status/840562680100507649
2017-03-11 17:45:08,545 INFO archived https://twitter.com/DennisDMcGraw/status/840562602166108161
2017-03-11 17:45:08,545 INFO archived https://twitter.com/AmelieBaldwin/status/840562580926156800
2017-03-11 17:45:08,545 INFO archived https://twitter.com/EUtopean/status/840562503671263232
2017-03-11 17:45:08,545 INFO archived https://twitter.com/lulilaw/status/840562320355033088
2017-03-11 17:45:08,546 INFO archived https://twitter.com/valerimelnyczuk/status/840561749476667393
2017-03-11 17:45:08,546 INFO archived https://twitter.com/wride_nicholas/status/840561593175986181
2017-03-11 17:45:08,546 INFO archived https://twitter.com/nickreeves9876/status/840561432349560833
2017-03-11 17:45:08,546 INFO archived https://twitter.com/gnu_andrew/status/840560860141617152
2017-03-11 17:45:08,546 INFO archived https://twitter.com/flavgough/status/840560636425830401
2017-03-11 17:45:08,546 INFO archived https://twitter.com/Bradley_MJB111/status/840560519446691840
2017-03-11 17:45:08,547 INFO archived https://twitter.com/lulilaw/status/840560471749062656
2017-03-11 17:45:08,547 INFO archived https://twitter.com/EUtopean/status/840560256677736448
2017-03-11 17:45:08,547 INFO archived https://twitter.com/peteraf1/status/840559895795634177
2017-03-11 17:45:08,547 INFO archived https://twitter.com/alllibertynews/status/840559766904668160
2017-03-11 17:45:08,547 INFO archived https://twitter.com/Simplex2014/status/840559527707738114
2017-03-11 17:45:08,547 INFO archived https://twitter.com/jojohill1974/status/840559410934091776
2017-03-11 17:45:08,548 INFO archived https://twitter.com/SyWilkinson/status/840559288921837568
2017-03-11 17:45:08,548 INFO archived https://twitter.com/EUtopean/status/840559056955801600
2017-03-11 17:45:08,548 INFO archived https://twitter.com/nickreeves9876/status/840558929633501184
2017-03-11 17:45:08,548 INFO archived https://twitter.com/DaveyS_030740/status/840558865720737792
2017-03-11 17:45:08,548 INFO archived https://twitter.com/Zsolti51/status/840558729707806720
2017-03-11 17:45:08,548 INFO archived https://twitter.com/smsdoc/status/840558710510485505
2017-03-11 17:45:08,549 INFO archived https://twitter.com/scusi_coldplay/status/840558683222376449
2017-03-11 17:45:08,549 INFO archived https://twitter.com/WaftyAllegretto/status/840558597608165376
2017-03-11 17:45:08,549 INFO archived https://twitter.com/older_balder/status/840558367454175233
2017-03-11 17:45:08,549 INFO archived https://twitter.com/chrismcg21/status/840558250412134400
2017-03-11 17:45:08,549 INFO archived https://twitter.com/ajcrompton1/status/840558224780742656
2017-03-11 17:45:08,549 INFO archived https://twitter.com/RichesOliver/status/840558196704059396
2017-03-11 17:45:08,550 INFO archived https://twitter.com/SandraDunn1955/status/840558052281634816
2017-03-11 17:45:08,550 INFO archived https://twitter.com/EUtopean/status/840557998279921667
2017-03-11 17:45:08,550 INFO archived https://twitter.com/MQGBZ/status/840557790527651841
2017-03-11 17:45:08,550 INFO archived https://twitter.com/londonmandy1/status/840557732444983296
2017-03-11 17:45:08,550 INFO archived https://twitter.com/EUtopean/status/840557635090931712
2017-03-11 17:45:08,550 INFO archived https://twitter.com/MartinMurphy001/status/840557462356951041
2017-03-11 17:45:08,550 INFO archived https://twitter.com/Shahid1Ali/status/840557388260339712
2017-03-11 17:45:08,551 INFO archived https://twitter.com/MsAlliance/status/840557288771448832
2017-03-11 17:45:08,551 INFO archived https://twitter.com/oldremainer/status/840556788130951168
2017-03-11 17:45:08,551 INFO archived https://twitter.com/EUtopean/status/840556715967950850
2017-03-11 17:45:08,551 INFO archived https://twitter.com/jk_riches/status/840556470118862849
2017-03-11 17:45:08,551 INFO archived https://twitter.com/euinbrum/status/840556251067092992
2017-03-11 17:45:08,551 INFO archived https://twitter.com/EmpManPaul/status/840556220259934209
2017-03-11 17:45:08,552 INFO archived https://twitter.com/EUtopean/status/840556183240998912
2017-03-11 17:45:08,552 INFO archived https://twitter.com/Rosal7777/status/840555990084911106
2017-03-11 17:45:08,552 INFO archived https://twitter.com/MilnrowShaw/status/840555984275791874
2017-03-11 17:45:08,552 INFO archived https://twitter.com/Phesnet/status/840555945847599108
2017-03-11 17:45:08,552 INFO archived https://twitter.com/rapsiencyn/status/840555922695028736
2017-03-11 17:45:08,553 INFO archived https://twitter.com/espoemy/status/840555707325915136
2017-03-11 17:45:08,553 INFO archived https://twitter.com/Herbiv4/status/840555704062758912
2017-03-11 17:45:08,553 INFO archived https://twitter.com/apricotfox/status/840555663860326401
2017-03-11 17:45:08,553 INFO archived https://twitter.com/oldremainer/status/840555602745151493
2017-03-11 17:45:08,553 INFO archived https://twitter.com/db_webb/status/840555539205627904
2017-03-11 17:45:08,553 INFO archived https://twitter.com/2thebeehive/status/840555199190163456
2017-03-11 17:45:08,554 INFO archived https://twitter.com/JulesWordsmith/status/840555176893267968
2017-03-11 17:45:08,554 INFO archived https://twitter.com/Juvelad/status/840555175798542336
2017-03-11 17:45:08,554 INFO archived https://twitter.com/kmqkatie/status/840554816187310080
2017-03-11 17:45:08,554 INFO archived https://twitter.com/contactribg/status/840554652798242816
2017-03-11 17:45:08,554 INFO archived https://twitter.com/SyWilkinson/status/840554573525856256
2017-03-11 17:45:08,554 INFO archived https://twitter.com/lindari50559279/status/840554513681518592
2017-03-11 17:45:08,555 INFO archived https://twitter.com/fish_in_a_hat/status/840554415320907777
2017-03-11 17:45:08,555 INFO archived https://twitter.com/traceymhodgson/status/840554152468045824
2017-03-11 17:45:08,555 INFO archived https://twitter.com/Wistleblower3/status/840554103394705408
2017-03-11 17:45:08,555 INFO archived https://twitter.com/KingKing3107/status/840554031483387904
2017-03-11 17:45:08,556 INFO archived https://twitter.com/ajmpolite/status/840553870900224000
2017-03-11 17:45:08,556 INFO archived https://twitter.com/ceedoubleu/status/840553785466449920
2017-03-11 17:45:08,556 INFO archived https://twitter.com/LHvalkof/status/840553656667799552
2017-03-11 17:45:08,556 INFO archived https://twitter.com/JackyHolyoake/status/840553159491756032
2017-03-11 17:45:08,556 INFO archived https://twitter.com/LibDemPenguin/status/840553083079917568
2017-03-11 17:45:08,557 INFO archived https://twitter.com/AnOilithrigh/status/840553069893058560
2017-03-11 17:45:08,557 INFO archived https://twitter.com/GrahamAB2/status/840552908039036930
2017-03-11 17:45:08,557 INFO archived https://twitter.com/Mayesey9/status/840552775318675461
2017-03-11 17:45:08,557 INFO archived https://twitter.com/Sophrosyna66/status/840552714790699008
2017-03-11 17:45:08,557 INFO archived https://twitter.com/JosephMcGrath4/status/840552707664539648
2017-03-11 17:45:08,558 INFO archived https://twitter.com/andrewfca/status/840552649024032768
2017-03-11 17:45:08,558 INFO archived https://twitter.com/SandraDunn1955/status/840552595634704385
2017-03-11 17:45:08,558 INFO archived https://twitter.com/EK_Heather/status/840552496342941696
2017-03-11 17:45:08,558 INFO archived https://twitter.com/seacroft55/status/840552390847791105
2017-03-11 17:45:08,558 INFO archived https://twitter.com/lightdreamer365/status/840552122487836672
2017-03-11 17:45:08,558 INFO archived https://twitter.com/nickreeves9876/status/840551833949085699
2017-03-11 17:45:08,558 INFO archived https://twitter.com/fish_in_a_hat/status/840551762289385472
2017-03-11 17:45:08,559 INFO archived https://twitter.com/DaveSThompson/status/840551546635112448
2017-03-11 17:45:08,559 INFO archived https://twitter.com/2tweetaboutit/status/840551275481690112
2017-03-11 17:45:08,559 INFO archived https://twitter.com/GenerationXuned/status/840550925584474112
2017-03-11 17:45:08,559 INFO archived https://twitter.com/Rosal7777/status/840550621694570496
2017-03-11 17:45:08,559 INFO archived https://twitter.com/MalcolmWilson01/status/840550348725092353
2017-03-11 17:45:08,559 INFO archived https://twitter.com/EUtopean/status/840550212057874432
2017-03-11 17:45:08,560 INFO archived https://twitter.com/RavenclawDreams/status/840549746313986049
2017-03-11 17:45:08,560 INFO archived https://twitter.com/CelaenoM45/status/840549427945361409
2017-03-11 17:45:08,560 INFO archived https://twitter.com/ericsfraga/status/840549388342689792
2017-03-11 17:45:08,560 INFO archived https://twitter.com/RavenclawDreams/status/840549385356398596
2017-03-11 17:45:08,560 INFO archived https://twitter.com/ajcrompton1/status/840549113959731200
2017-03-11 17:45:08,560 INFO archived https://twitter.com/kristinwey/status/840548420540628992
2017-03-11 17:45:08,560 INFO archived https://twitter.com/FlamingoAlan/status/840548353163329540
2017-03-11 17:45:08,561 INFO archived https://twitter.com/EUtopean/status/840547511202897924
2017-03-11 17:45:09,323 INFO archived https://twitter.com/sarahbookworm1/status/840547289940799488
2017-03-11 17:45:09,323 INFO archived https://twitter.com/ulster_fry/status/840547073695076352
2017-03-11 17:45:09,323 INFO archived https://twitter.com/MarkyB_62/status/840546819113377792
2017-03-11 17:45:09,324 INFO archived https://twitter.com/Uscan_innovate/status/840546302039609344
2017-03-11 17:45:09,324 INFO archived https://twitter.com/MancBecky/status/840546280782872578
2017-03-11 17:45:09,324 INFO archived https://twitter.com/MancBecky/status/840546087446405120
2017-03-11 17:45:09,324 INFO archived https://twitter.com/Kent_Cyclist/status/840546038796693504
2017-03-11 17:45:09,324 INFO archived https://twitter.com/Kent_Cyclist/status/840544581770981379
2017-03-11 17:45:09,325 INFO archived https://twitter.com/Kent_Cyclist/status/840544527911927809
2017-03-11 17:45:09,325 INFO archived https://twitter.com/STOPBREXITNOW1/status/840544125854351360
2017-03-11 17:45:09,325 INFO archived https://twitter.com/ProfDingo/status/840543030352465921
2017-03-11 17:45:09,325 INFO archived https://twitter.com/apricotfox/status/840542094494224384
2017-03-11 17:45:09,325 INFO archived https://twitter.com/Lakes_PA/status/840542052878319616
2017-03-11 17:45:09,325 INFO archived https://twitter.com/benbetween/status/840541567869952002
2017-03-11 17:45:09,326 INFO archived https://twitter.com/laurencehazlew1/status/840541287493316608
2017-03-11 17:45:09,326 INFO archived https://twitter.com/solamiga/status/840540586746757121
2017-03-11 17:45:09,326 INFO archived https://twitter.com/sionytom/status/840540336149712896
2017-03-11 17:45:09,326 INFO archived https://twitter.com/valeriegiaconi/status/840540188682141697
2017-03-11 17:45:09,326 INFO archived https://twitter.com/cygnetstar16/status/840540013771268096
2017-03-11 17:45:09,326 INFO archived https://twitter.com/trikebum/status/840539984033665024
2017-03-11 17:45:09,327 INFO archived https://twitter.com/cygnetstar16/status/840539882988666880
2017-03-11 17:45:09,327 INFO archived https://twitter.com/EUtopean/status/840539270121172992
2017-03-11 17:45:09,327 INFO archived https://twitter.com/DelHedges/status/840539240136085505
2017-03-11 17:45:09,327 INFO archived https://twitter.com/Tarothead/status/840538653319397378
2017-03-11 17:45:09,327 INFO archived https://twitter.com/Giskarduk/status/840537898248220674
2017-03-11 17:45:09,327 INFO archived https://twitter.com/RedTory2016/status/840537860306546692
2017-03-11 17:45:09,328 INFO archived https://twitter.com/cathy_bug/status/840537610477006848
2017-03-11 17:45:09,328 INFO archived https://twitter.com/mrmchoohaa/status/840537536824991748
2017-03-11 17:45:09,328 INFO archived https://twitter.com/DancinJuicyLane/status/840537511885754369
2017-03-11 17:45:09,328 INFO archived https://twitter.com/wride_nicholas/status/840537475554693120
2017-03-11 17:45:09,328 INFO archived https://twitter.com/fgr62/status/840536409094131712
2017-03-11 17:45:09,328 INFO archived https://twitter.com/AbnormalAbner/status/840536285928402945
2017-03-11 17:45:09,329 INFO archived https://twitter.com/cmwheatley56/status/840536264843624449
2017-03-11 17:45:09,329 INFO archived https://twitter.com/HUN_HOME_/status/840536121134071808
2017-03-11 17:45:09,329 INFO archived https://twitter.com/shirleymcbrinn/status/840535986820022273
2017-03-11 17:45:09,329 INFO archived https://twitter.com/RTaylor_LibDem/status/840535791222718465
2017-03-11 17:45:09,329 INFO archived https://twitter.com/HUN_HOME_/status/840535785631698945
2017-03-11 17:45:09,329 INFO archived https://twitter.com/HUN_HOME_/status/840535644292108289
2017-03-11 17:45:09,330 INFO archived https://twitter.com/wride_nicholas/status/840535486552821761
2017-03-11 17:45:09,330 INFO archived https://twitter.com/EK_EuropeanMove/status/840535262686040064
2017-03-11 17:45:09,330 INFO archived https://twitter.com/FMR_Brussels/status/840535253831802882
2017-03-11 17:45:09,330 INFO archived https://twitter.com/BoogWinchester/status/840535122784980992
2017-03-11 17:45:09,330 INFO archived https://twitter.com/BJ_Gardener/status/840535101134000129
2017-03-11 17:45:09,330 INFO archived https://twitter.com/EK_EuropeanMove/status/840535061665583104
2017-03-11 17:45:09,331 INFO archived https://twitter.com/ukneedshelp/status/840534955520331776
2017-03-11 17:45:09,331 INFO archived https://twitter.com/SchmittVanDean/status/840534646857297921
2017-03-11 17:45:09,331 INFO archived https://twitter.com/SouthernRailOK/status/840534486832017408
2017-03-11 17:45:09,331 INFO archived https://twitter.com/gpz01/status/840534449792118785
2017-03-11 17:45:09,331 INFO archived https://twitter.com/Dog__Person/status/840534335316996096
2017-03-11 17:45:09,331 INFO archived https://twitter.com/dotdotdot17345/status/840534227212996608
2017-03-11 17:45:09,332 INFO archived https://twitter.com/JaniceGlover1/status/840534158346706944
2017-03-11 17:45:09,332 INFO archived https://twitter.com/GouvrasLaura/status/840534125723451393
2017-03-11 17:45:09,332 INFO archived https://twitter.com/luistervink54/status/840533669186002945
2017-03-11 17:45:09,332 INFO archived https://twitter.com/US_of_Europe/status/840533483780997120
2017-03-11 17:45:09,332 INFO archived https://twitter.com/mainlymum/status/840533475832803328
2017-03-11 17:45:09,332 INFO archived https://twitter.com/PryorJeffrey/status/840533368357941248
2017-03-11 17:45:09,333 INFO archived https://twitter.com/DelHedges/status/840533283867906050
2017-03-11 17:45:09,333 INFO archived https://twitter.com/BoogWinchester/status/840533253249466369
2017-03-11 17:45:09,333 INFO archived https://twitter.com/O530CarrisPT/status/840533227077001218
2017-03-11 17:45:09,333 INFO archived https://twitter.com/andymoz78/status/840533202540281856
2017-03-11 17:45:09,333 INFO archived https://twitter.com/jojohill1974/status/840533038236913664
2017-03-11 17:45:09,333 INFO archived https://twitter.com/dicknieuwenhuis/status/840533027272982528
2017-03-11 17:45:09,334 INFO archived https://twitter.com/dotdotdot17345/status/840533023271579648
2017-03-11 17:45:09,334 INFO archived https://twitter.com/Breggsit_Island/status/840532868988301312
2017-03-11 17:45:09,334 INFO archived https://twitter.com/LibDemHeadlines/status/840532790512869377
2017-03-11 17:45:09,334 INFO archived https://twitter.com/dotdotdot17345/status/840532328107638784
2017-03-11 17:45:09,334 INFO archived https://twitter.com/johnmcc17/status/840532218728587264
2017-03-11 17:45:09,334 INFO archived https://twitter.com/Mudfries/status/840532043335364608
2017-03-11 17:45:09,335 INFO archived https://twitter.com/_Loggerheads/status/840531859591290880
2017-03-11 17:45:09,335 INFO archived https://twitter.com/GouvrasLaura/status/840531836677869572
2017-03-11 17:45:09,335 INFO archived https://twitter.com/EUtopean/status/840531743568465920
2017-03-11 17:45:09,335 INFO archived https://twitter.com/Biteback1970/status/840531713394630656
2017-03-11 17:45:09,335 INFO archived https://twitter.com/Cajardine/status/840531641294573570
2017-03-11 17:45:09,335 INFO archived https://twitter.com/EUtopean/status/840531130407374850
2017-03-11 17:45:09,336 INFO archived https://twitter.com/StillYesScot/status/840530824827146240
2017-03-11 17:45:09,336 INFO archived https://twitter.com/IsThisAB0t/status/840530786898063360
2017-03-11 17:45:09,336 INFO archived https://twitter.com/Zeb_733/status/840530662234947584
2017-03-11 17:45:09,336 INFO archived https://twitter.com/euinbrum/status/840530610829557760
2017-03-11 17:45:09,336 INFO archived https://twitter.com/smsdoc/status/840530606954074112
2017-03-11 17:45:09,337 INFO archived https://twitter.com/smsdoc/status/840530585613422592
2017-03-11 17:45:09,337 INFO archived https://twitter.com/ChrissieOAP/status/840530554890145794
2017-03-11 17:45:09,337 INFO archived https://twitter.com/GouvrasLaura/status/840530527719419905
2017-03-11 17:45:09,337 INFO archived https://twitter.com/AnaKellar/status/840530188815462401
2017-03-11 17:45:09,337 INFO archived https://twitter.com/BryonyH_work/status/840529565458006017
2017-03-11 17:45:09,337 INFO archived https://twitter.com/BrahimKnows/status/840529413246767104
2017-03-11 17:45:09,337 INFO archived https://twitter.com/US_of_Europe/status/840529204768837633
2017-03-11 17:45:09,338 INFO archived https://twitter.com/whypad/status/840529073541652480
2017-03-11 17:45:09,338 INFO archived https://twitter.com/louiskasatkin/status/840528969250308101
2017-03-11 17:45:09,338 INFO archived https://twitter.com/Adeodatus/status/840528886198878208
2017-03-11 17:45:09,338 INFO archived https://twitter.com/scotlibdems/status/840528681277747200
2017-03-11 17:45:09,338 INFO archived https://twitter.com/LibDem_zone/status/840528638940454912
2017-03-11 17:45:09,338 INFO archived https://twitter.com/agcolehamilton/status/840528637795409921
2017-03-11 17:45:09,338 INFO archived https://twitter.com/Scott070168/status/840528409436516352
2017-03-11 17:45:09,339 INFO archived https://twitter.com/_WIN_MONEY/status/840528385122193411
2017-03-11 17:45:09,339 INFO archived https://twitter.com/louiskasatkin/status/840528231853887488
2017-03-11 17:45:09,339 INFO archived https://twitter.com/PatthePainter2/status/840527787744251904
2017-03-11 17:45:09,339 INFO archived https://twitter.com/AyrDelighted/status/840527755481628672
2017-03-11 17:45:09,339 INFO archived https://twitter.com/EUtopean/status/840527632198455297
2017-03-11 17:45:09,339 INFO archived https://twitter.com/IndigoSkyes/status/840527620185968640
2017-03-11 17:45:09,340 INFO archived https://twitter.com/MomentOfChaos/status/840527529391882240
2017-03-11 17:45:13,796 INFO archived https://twitter.com/champagne_lefty/status/840527261329694720
2017-03-11 17:45:13,796 INFO archived https://twitter.com/City_Livery_SM/status/840527131243347968
2017-03-11 17:45:13,796 INFO archived https://twitter.com/fghays22/status/840526733954682881
2017-03-11 17:45:13,796 INFO archived https://twitter.com/roobloo1/status/840526069451100160
2017-03-11 17:45:13,797 INFO archived https://twitter.com/RuthRemoaner/status/840525884792680448
2017-03-11 17:45:13,797 INFO archived https://twitter.com/EUtopean/status/840525740424740864
2017-03-11 17:45:13,797 INFO archived https://twitter.com/con_news/status/840525738667307008
2017-03-11 17:45:13,797 INFO archived https://twitter.com/RPF_Inseong94/status/840525705393795075
2017-03-11 17:45:13,797 INFO archived https://twitter.com/AbnormalAbner/status/840525234738479105
2017-03-11 17:45:13,797 INFO archived https://twitter.com/zanchi_eu/status/840525047450198016
2017-03-11 17:45:13,798 INFO archived https://twitter.com/Cacophonic/status/840524885877227522
2017-03-11 17:45:13,798 INFO archived https://twitter.com/UnmadeMan/status/840524436012949506
2017-03-11 17:45:13,798 INFO archived https://twitter.com/Hap03071831/status/840524062644412416
2017-03-11 17:45:13,798 INFO archived https://twitter.com/Hepworthclare/status/840523905416724480
2017-03-11 17:45:13,798 INFO archived https://twitter.com/EUtopean/status/840523789209333761
2017-03-11 17:45:13,798 INFO archived https://twitter.com/Steve_Hooker/status/840523772318867456
2017-03-11 17:45:13,799 INFO archived https://twitter.com/JWalker1787/status/840523148378419200
2017-03-11 17:45:13,799 INFO archived https://twitter.com/curiousfox__/status/840522731229704192
2017-03-11 17:45:13,799 INFO archived https://twitter.com/jeflecornec/status/840522472910966784
2017-03-11 17:45:13,799 INFO archived https://twitter.com/josephmobbs/status/840521912962932736
2017-03-11 17:45:13,799 INFO archived https://twitter.com/AngelikaGiese/status/840521814149324801
2017-03-11 17:45:13,799 INFO archived https://twitter.com/WendyNowak/status/840521790485090304
2017-03-11 17:45:13,799 INFO archived https://twitter.com/curiousfox__/status/840521597622616064
2017-03-11 17:45:13,800 INFO archived https://twitter.com/TheRemainReport/status/840521262313136128
2017-03-11 17:45:13,800 INFO archived https://twitter.com/corrydes/status/840520745071607809
2017-03-11 17:45:13,800 INFO archived https://twitter.com/corrydes/status/840520573310652416
2017-03-11 17:45:13,800 INFO archived https://twitter.com/SafariSara/status/840520568873066496
2017-03-11 17:45:13,800 INFO archived https://twitter.com/AngieMeader/status/840519913882161153
2017-03-11 17:45:13,801 INFO archived https://twitter.com/atomicsmiles/status/840519807682412544
2017-03-11 17:45:13,801 INFO archived https://twitter.com/corrydes/status/840519625964167168
2017-03-11 17:45:13,801 INFO archived https://twitter.com/atomicsmiles/status/840519494950932480
2017-03-11 17:45:13,801 INFO archived https://twitter.com/cpnStarkiller/status/840519460868018177
2017-03-11 17:45:13,801 INFO archived https://twitter.com/CapitanPugwash/status/840519311894675456
2017-03-11 17:45:13,801 INFO archived https://twitter.com/MattJenkins1975/status/840519296484798464
2017-03-11 17:45:13,802 INFO archived https://twitter.com/corrydes/status/840519066418839552
2017-03-11 17:45:13,802 INFO archived https://twitter.com/entry_level_ego/status/840518932289196034
2017-03-11 17:45:13,802 INFO archived https://twitter.com/KimBru49/status/840518124919238656
2017-03-11 17:45:13,802 INFO archived https://twitter.com/JFL1966/status/840518052735262720
2017-03-11 17:45:13,802 INFO archived https://twitter.com/WhitesidePaula/status/840518024121733121
2017-03-11 17:45:13,803 INFO archived https://twitter.com/WhitesidePaula/status/840517979259457536
2017-03-11 17:45:13,803 INFO archived https://twitter.com/EUtopean/status/840517742511960064
2017-03-11 17:45:13,803 INFO archived https://twitter.com/RHHassall/status/840516891248586753
2017-03-11 17:45:13,803 INFO archived https://twitter.com/garethdwalker/status/840516829525204992
2017-03-11 17:45:13,803 INFO archived https://twitter.com/EUtopean/status/840516631294038016
2017-03-11 17:45:13,804 INFO archived https://twitter.com/mathewparkin/status/840516618312699904
2017-03-11 17:45:13,804 INFO archived https://twitter.com/marionpfallon/status/840516518651822081
2017-03-11 17:45:13,804 INFO archived https://twitter.com/Nataflam/status/840516470484418560
2017-03-11 17:45:13,804 INFO archived https://twitter.com/Kay7To/status/840516352905494531
2017-03-11 17:45:13,804 INFO archived https://twitter.com/paulcyates/status/840515787551100928
2017-03-11 17:45:13,804 INFO archived https://twitter.com/enhughesiasm/status/840515744853028864
2017-03-11 17:45:13,805 INFO archived https://twitter.com/TABwrite/status/840515644181401603
2017-03-11 17:45:13,805 INFO archived https://twitter.com/mapduliand/status/840515452912705538
2017-03-11 17:45:13,805 INFO archived https://twitter.com/Hoganspain/status/840515150302052352
2017-03-11 17:45:13,805 INFO archived https://twitter.com/kazbahchickpea/status/840514999911096320
2017-03-11 17:45:13,805 INFO archived https://twitter.com/RickPoleway/status/840514968021790720
2017-03-11 17:45:13,805 INFO archived https://twitter.com/kristinwey/status/840514683186622466
2017-03-11 17:45:13,805 INFO archived https://twitter.com/MrConnieS/status/840514592681914368
2017-03-11 17:45:13,806 INFO archived https://twitter.com/aev1609/status/840514577397874688
2017-03-11 17:45:13,806 INFO archived https://twitter.com/neilrdg/status/840514346925064192
2017-03-11 17:45:13,806 INFO archived https://twitter.com/EUtopean/status/840514224208117760
2017-03-11 17:45:13,806 INFO archived https://twitter.com/Monymoany/status/840513942044708864
2017-03-11 17:45:13,806 INFO archived https://twitter.com/perthhtribune/status/840513427885834240
2017-03-11 17:45:13,806 INFO archived https://twitter.com/Withdoms/status/840513137283629056
2017-03-11 17:45:13,806 INFO archived https://twitter.com/RTaylor_LibDem/status/840513135404544000
2017-03-11 17:45:13,807 INFO archived https://twitter.com/KennyCaldwell1/status/840512445491884032
2017-03-11 17:45:13,807 INFO archived https://twitter.com/jessfutch/status/840512372267716608
2017-03-11 17:45:13,807 INFO archived https://twitter.com/FleurHitchcock/status/840512353770827777
2017-03-11 17:45:13,807 INFO archived https://twitter.com/EUtopean/status/840512274385235968
2017-03-11 17:45:13,807 INFO archived https://twitter.com/euinbrum/status/840511728777646085
2017-03-11 17:45:13,807 INFO archived https://twitter.com/chrisgerhard/status/840511647756218368
2017-03-11 17:45:13,808 INFO archived https://twitter.com/roobloo1/status/840511296550363136
2017-03-11 17:45:13,808 INFO archived https://twitter.com/rachelsmith999/status/840511230980833280
2017-03-11 17:45:13,808 INFO archived https://twitter.com/March_Payne/status/840511221229060096
2017-03-11 17:45:13,808 INFO archived https://twitter.com/RozDeKett/status/840510753824243713
2017-03-11 17:45:13,808 INFO archived https://twitter.com/Kitten_Fish/status/840510694118293504
2017-03-11 17:45:13,808 INFO archived https://twitter.com/susan_250/status/840510688124641281
2017-03-11 17:45:13,809 INFO archived https://twitter.com/lettertolead/status/840510482146590721
2017-03-11 17:45:13,809 INFO archived https://twitter.com/AlexSmith1964/status/840510453314928640
2017-03-11 17:45:13,809 INFO archived https://twitter.com/YoemanYewitt/status/840510321458597892
2017-03-11 17:45:13,809 INFO archived https://twitter.com/A_C_McGregor/status/840510240919568384
2017-03-11 17:45:13,809 INFO archived https://twitter.com/kathimmel/status/840510099097542657
2017-03-11 17:45:13,809 INFO archived https://twitter.com/thelatebird/status/840510058471530500
2017-03-11 17:45:13,809 INFO archived https://twitter.com/EUtopean/status/840509999352860672
2017-03-11 17:45:13,810 INFO archived https://twitter.com/GrahameLucas/status/840509981258584068
2017-03-11 17:45:13,810 INFO archived https://twitter.com/LeamanJohn/status/840509900778283008
2017-03-11 17:45:13,810 INFO archived https://twitter.com/lettertolead/status/840509891064299520
2017-03-11 17:45:13,810 INFO archived https://twitter.com/EUtopean/status/840509208969793536
2017-03-11 17:45:13,810 INFO archived https://twitter.com/kerry_ohare/status/840509110676271104
2017-03-11 17:45:13,810 INFO archived https://twitter.com/jan265479/status/840509031391383552
2017-03-11 17:45:13,811 INFO archived https://twitter.com/wride_nicholas/status/840508598115540992
2017-03-11 17:45:13,811 INFO archived https://twitter.com/ericsfraga/status/840508543010770944
2017-03-11 17:45:13,811 INFO archived https://twitter.com/SteveBN1/status/840508519837233153
2017-03-11 17:45:13,811 INFO archived https://twitter.com/WriterInPyjamas/status/840508349716258816
2017-03-11 17:45:13,811 INFO archived https://twitter.com/jfmaystadt/status/840508079150059520
2017-03-11 17:45:13,811 INFO archived https://twitter.com/CakeLH/status/840507772974305280
2017-03-11 17:45:13,811 INFO archived https://twitter.com/DaphneLetterman/status/840507639268311040
2017-03-11 17:45:13,812 INFO archived https://twitter.com/kfmorel/status/840507546913902593
2017-03-11 17:45:13,812 INFO archived https://twitter.com/SirTimKenny/status/840507478643208193
2017-03-11 17:45:13,812 INFO archived https://twitter.com/Suzy_Henderson/status/840507380953669632
2017-03-11 17:45:13,812 INFO archived https://twitter.com/stilsiglipi1983/status/840507298334285828
2017-03-11 17:45:14,425 INFO archived https://twitter.com/rcwilliams612/status/840507228847235073
2017-03-11 17:45:14,426 INFO archived https://twitter.com/Patinahat2/status/840507220093763584
2017-03-11 17:45:14,426 INFO archived https://twitter.com/halfienoakes/status/840507093614489600
2017-03-11 17:45:14,426 INFO archived https://twitter.com/Patinahat2/status/840506974198460416
2017-03-11 17:45:14,426 INFO archived https://twitter.com/Bournemouth4EU/status/840506956263653376
2017-03-11 17:45:14,427 INFO archived https://twitter.com/Patinahat2/status/840506801665761280
2017-03-11 17:45:14,427 INFO archived https://twitter.com/ThMav/status/840506775749169152
2017-03-11 17:45:14,427 INFO archived https://twitter.com/newliberal2017/status/840506764600696832
2017-03-11 17:45:14,427 INFO archived https://twitter.com/gwynisaac/status/840506733948723201
2017-03-11 17:45:14,427 INFO archived https://twitter.com/mseuca/status/840506637886619648
2017-03-11 17:45:14,427 INFO archived https://twitter.com/EUtopean/status/840506587408171008
2017-03-11 17:45:14,427 INFO archived https://twitter.com/Patinahat2/status/840506454767460354
2017-03-11 17:45:14,427 INFO archived https://twitter.com/wride_nicholas/status/840505796559552512
2017-03-11 17:45:14,428 INFO archived https://twitter.com/soapbox68/status/840505052091551747
2017-03-11 17:45:14,428 INFO archived https://twitter.com/jonno50/status/840504836588240896
2017-03-11 17:45:14,428 INFO archived https://twitter.com/mangus109/status/840504694631985154
2017-03-11 17:45:14,428 INFO archived https://twitter.com/almost_sapiens/status/840504495830376448
2017-03-11 17:45:14,428 INFO archived https://twitter.com/MaidornSilvia/status/840504093252681728
2017-03-11 17:45:14,429 INFO archived https://twitter.com/pugnascotia/status/840503883218722818
2017-03-11 17:45:14,429 INFO archived https://twitter.com/jcunningplan/status/840503568234868736
2017-03-11 17:45:14,429 INFO archived https://twitter.com/EUtopean/status/840503461414342657
2017-03-11 17:45:14,429 INFO archived https://twitter.com/_WIN_MONEY/status/840503221638553600
2017-03-11 17:45:14,429 INFO archived https://twitter.com/PatapscoPaul/status/840502990641459200
2017-03-11 17:45:14,429 INFO archived https://twitter.com/EUtopean/status/840502950501965825
2017-03-11 17:45:14,430 INFO archived https://twitter.com/y_gigfran/status/840502932856541185
2017-03-11 17:45:14,430 INFO archived https://twitter.com/annetteashley61/status/840502837381591045
2017-03-11 17:45:14,430 INFO archived https://twitter.com/nytamann/status/840502781937102849
2017-03-11 17:45:14,430 INFO archived https://twitter.com/nytamann/status/840502672881045504
2017-03-11 17:45:14,430 INFO archived https://twitter.com/caracal/status/840502489392828417
2017-03-11 17:45:14,430 INFO archived https://twitter.com/sooshboosh/status/840502235545141248
2017-03-11 17:45:14,430 INFO archived https://twitter.com/JulietMEvans/status/840502175478513665
2017-03-11 17:45:14,431 INFO archived https://twitter.com/mi5uk/status/840502063264075778
2017-03-11 17:45:14,431 INFO archived https://twitter.com/contactribg/status/840501972465770498
2017-03-11 17:45:14,431 INFO archived https://twitter.com/Glaikitgit/status/840501751702667264
2017-03-11 17:45:14,431 INFO archived https://twitter.com/Glaikitgit/status/840501220838121472
2017-03-11 17:45:14,431 INFO archived https://twitter.com/WinetyTime/status/840500997579509764
2017-03-11 17:45:14,431 INFO archived https://twitter.com/caracal/status/840500987873882113
2017-03-11 17:45:14,431 INFO archived https://twitter.com/Nancyslass/status/840500872698306560
2017-03-11 17:45:14,432 INFO archived https://twitter.com/FrauBooka/status/840500796953362432
2017-03-11 17:45:14,432 INFO archived https://twitter.com/PhilMorandi/status/840500793929285633
2017-03-11 17:45:14,432 INFO archived https://twitter.com/zanf/status/840500360594743296
2017-03-11 17:45:14,432 INFO archived https://twitter.com/TimWil/status/840500186300444672
2017-03-11 17:45:14,432 INFO archived https://twitter.com/cairosue/status/840500064871161857
2017-03-11 17:45:14,433 INFO archived https://twitter.com/SimyFrant/status/840500030171668481
2017-03-11 17:45:14,433 INFO archived https://twitter.com/EUtopean/status/840499900265713668
2017-03-11 17:45:14,433 INFO archived https://twitter.com/fish_in_a_hat/status/840499893902929922
2017-03-11 17:45:14,433 INFO archived https://twitter.com/excell5/status/840499858674974720
2017-03-11 17:45:14,433 INFO archived https://twitter.com/Mofmill/status/840499326820442114
2017-03-11 17:45:14,434 INFO archived https://twitter.com/antonjw/status/840499082628124673
2017-03-11 17:45:14,434 INFO archived https://twitter.com/hyjunnn_pum/status/840498999421489152
2017-03-11 17:45:14,434 INFO archived https://twitter.com/sheilababylol/status/840498886254960640
2017-03-11 17:45:14,434 INFO archived https://twitter.com/shirleymcbrinn/status/840498761486995456
2017-03-11 17:45:14,434 INFO archived https://twitter.com/markuswierz/status/840498638560362497
2017-03-11 17:45:14,435 INFO archived https://twitter.com/EUtopean/status/840498621627920384
2017-03-11 17:45:14,435 INFO archived https://twitter.com/HLaehnemann/status/840498369546063872
2017-03-11 17:45:14,435 INFO archived https://twitter.com/londonyc/status/840498237685563393
2017-03-11 17:45:14,435 INFO archived https://twitter.com/TakarazukaTavy/status/840498227673722880
2017-03-11 17:45:14,435 INFO archived https://twitter.com/EUtopean/status/840498151207366656
2017-03-11 17:45:14,436 INFO archived https://twitter.com/dontbrexitfixit/status/840498113764810752
2017-03-11 17:45:14,436 INFO archived https://twitter.com/cafedelocean/status/840498056047022080
2017-03-11 17:45:14,436 INFO archived https://twitter.com/Pacelli1958/status/840497997897175040
2017-03-11 17:45:14,436 INFO archived https://twitter.com/kornelia38/status/840497857476063232
2017-03-11 17:45:14,436 INFO archived https://twitter.com/SInglesfield/status/840497664601010176
2017-03-11 17:45:14,436 INFO archived https://twitter.com/Giskarduk/status/840497340645560320
2017-03-11 17:45:14,436 INFO archived https://twitter.com/nickreeves9876/status/840497299642044420
2017-03-11 17:45:14,437 INFO archived https://twitter.com/Giskarduk/status/840496977943134208
2017-03-11 17:45:14,437 INFO archived https://twitter.com/IbanSaram/status/840496853825273856
2017-03-11 17:45:14,437 INFO archived https://twitter.com/leonora1/status/840496722073812992
2017-03-11 17:45:14,437 INFO archived https://twitter.com/Giskarduk/status/840496417168850945
2017-03-11 17:45:14,437 INFO archived https://twitter.com/efm_uk/status/840496294762299393
2017-03-11 17:45:14,437 INFO archived https://twitter.com/rampitchfork/status/840496206765789185
2017-03-11 17:45:14,438 INFO archived https://twitter.com/lindari50559279/status/840496109965455360
2017-03-11 17:45:14,438 INFO archived https://twitter.com/hawkred7/status/840495819354705920
2017-03-11 17:45:14,438 INFO archived https://twitter.com/Edward_George_/status/840495487883071488
2017-03-11 17:45:14,438 INFO archived https://twitter.com/NeilLaister/status/840495398661869568
2017-03-11 17:45:14,438 INFO archived https://twitter.com/Mac5313/status/840495357083713536
2017-03-11 17:45:14,439 INFO archived https://twitter.com/KathrinLuddecke/status/840494932024557568
2017-03-11 17:45:14,439 INFO archived https://twitter.com/ZvomuyaPaul/status/840494439118315520
2017-03-11 17:45:14,439 INFO archived https://twitter.com/simon_brooke/status/840494438342377472
2017-03-11 17:45:14,439 INFO archived https://twitter.com/Aceface16/status/840494036934893569
2017-03-11 17:45:14,439 INFO archived https://twitter.com/FMKoh/status/840493786660786176
2017-03-11 17:45:14,440 INFO archived https://twitter.com/IndyThistle/status/840493745783091202
2017-03-11 17:45:14,440 INFO archived https://twitter.com/jeni_parsons/status/840493386704515072
2017-03-11 17:45:14,440 INFO archived https://twitter.com/Stormcarrier/status/840493054284976128
2017-03-11 17:45:14,440 INFO archived https://twitter.com/EUtopean/status/840492936135626752
2017-03-11 17:45:14,440 INFO archived https://twitter.com/wride_nicholas/status/840492871933386752
2017-03-11 17:45:14,440 INFO archived https://twitter.com/hawkred7/status/840492440352149506
2017-03-11 17:45:14,440 INFO archived https://twitter.com/fgr62/status/840492066677362689
2017-03-11 17:45:14,441 INFO archived https://twitter.com/Selfvertroue91/status/840491899349807105
2017-03-11 17:45:14,441 INFO archived https://twitter.com/mi5uk/status/840491804357193728
2017-03-11 17:45:14,441 INFO archived https://twitter.com/Fermentedmust/status/840491637507780609
2017-03-11 17:45:14,441 INFO archived https://twitter.com/LindyCharacter/status/840491623792312320
2017-03-11 17:45:14,441 INFO archived https://twitter.com/Artifactorficti/status/840491568721215488
2017-03-11 17:45:14,441 INFO archived https://twitter.com/busx82/status/840491560072560640
2017-03-11 17:45:14,442 INFO archived https://twitter.com/suenay682/status/840491478078111744
2017-03-11 17:45:14,442 INFO archived https://twitter.com/OCherokee/status/840491460826812418
2017-03-11 17:45:14,442 INFO archived https://twitter.com/suenay682/status/840491411837460480
2017-03-11 17:45:14,442 INFO archived https://twitter.com/dominicboyle/status/840491188813746177
2017-03-11 17:45:14,442 INFO archived https://twitter.com/corrydes/status/840491146505793536
2017-03-11 17:45:14,442 INFO archived https://twitter.com/culpeper_y/status/840491058421235712
2017-03-11 17:45:15,281 INFO archived https://twitter.com/YanaStajno/status/840491049634144256
2017-03-11 17:45:15,282 INFO archived https://twitter.com/EUtopean/status/840490834042736641
2017-03-11 17:45:15,282 INFO archived https://twitter.com/gethingw/status/840490734985854977
2017-03-11 17:45:15,282 INFO archived https://twitter.com/louiskasatkin/status/840490639926149120
2017-03-11 17:45:15,282 INFO archived https://twitter.com/Jenny_Nice/status/840490536251326464
2017-03-11 17:45:15,283 INFO archived https://twitter.com/Injury_Claims_/status/840490236895494144
2017-03-11 17:45:15,283 INFO archived https://twitter.com/culpeper_y/status/840490188384174080
2017-03-11 17:45:15,283 INFO archived https://twitter.com/IndigoDec/status/840490101025193984
2017-03-11 17:45:15,283 INFO archived https://twitter.com/DavidEvanJames/status/840490049716256768
2017-03-11 17:45:15,283 INFO archived https://twitter.com/stop1984/status/840490007819366400
2017-03-11 17:45:15,284 INFO archived https://twitter.com/GrahamMForsyth/status/840490006674325504
2017-03-11 17:45:15,284 INFO archived https://twitter.com/stop1984/status/840489795394633729
2017-03-11 17:45:15,284 INFO archived https://twitter.com/birdingjoan/status/840489405253050368
2017-03-11 17:45:15,284 INFO archived https://twitter.com/EUtopean/status/840488945033052161
2017-03-11 17:45:15,284 INFO archived https://twitter.com/Turnip_Ghost/status/840488810806939648
2017-03-11 17:45:15,284 INFO archived https://twitter.com/geraldrouse1/status/840488706574307329
2017-03-11 17:45:15,284 INFO archived https://twitter.com/S_J_Outhwaite23/status/840488585216348160
2017-03-11 17:45:15,285 INFO archived https://twitter.com/Acanthephyra/status/840488571911995392
2017-03-11 17:45:15,285 INFO archived https://twitter.com/cirian75/status/840488557265485824
2017-03-11 17:45:15,285 INFO archived https://twitter.com/linda62lowe/status/840488543092895744
2017-03-11 17:45:15,285 INFO archived https://twitter.com/tonypickett/status/840488294483927041
2017-03-11 17:45:15,285 INFO archived https://twitter.com/BinaryJunkie/status/840488110802784257
2017-03-11 17:45:15,285 INFO archived https://twitter.com/EmbraBoffin/status/840488053026279424
2017-03-11 17:45:15,286 INFO archived https://twitter.com/ivanwhite48/status/840487875582013440
2017-03-11 17:45:15,286 INFO archived https://twitter.com/ivanwhite48/status/840487661420892160
2017-03-11 17:45:15,286 INFO archived https://twitter.com/nigel_john01/status/840487554382196737
2017-03-11 17:45:15,286 INFO archived https://twitter.com/peterdevineManc/status/840487402800087040
2017-03-11 17:45:15,286 INFO archived https://twitter.com/Approch2016/status/840487219030827012
2017-03-11 17:45:15,286 INFO archived https://twitter.com/rightnoteasy/status/840487048171646976
2017-03-11 17:45:15,286 INFO archived https://twitter.com/sa_cullen/status/840486889568272384
2017-03-11 17:45:15,287 INFO archived https://twitter.com/EnfieldforEU/status/840486739949035521
2017-03-11 17:45:15,287 INFO archived https://twitter.com/grg_motta/status/840486496721371137
2017-03-11 17:45:15,287 INFO archived https://twitter.com/Rampantredlion1/status/840486423010693120
2017-03-11 17:45:15,287 INFO archived https://twitter.com/johnnystarling/status/840486152121548800
2017-03-11 17:45:15,287 INFO archived https://twitter.com/CuriosoDevon/status/840485901063053315
2017-03-11 17:45:15,287 INFO archived https://twitter.com/euinbrum/status/840485817348980741
2017-03-11 17:45:15,288 INFO archived https://twitter.com/Euqinomist/status/840485730065481731
2017-03-11 17:45:15,288 INFO archived https://twitter.com/RobertShepter/status/840485721861419008
2017-03-11 17:45:15,288 INFO archived https://twitter.com/sa_cullen/status/840485709366624256
2017-03-11 17:45:15,288 INFO archived https://twitter.com/toothisoutthere/status/840485670007263232
2017-03-11 17:45:15,288 INFO archived https://twitter.com/KarenAl46890767/status/840485608048984064
2017-03-11 17:45:15,288 INFO archived https://twitter.com/sa_cullen/status/840485520547434496
2017-03-11 17:45:15,289 INFO archived https://twitter.com/ChrisRaple/status/840485143013937154
2017-03-11 17:45:15,289 INFO archived https://twitter.com/izzardhill/status/840484879221608449
2017-03-11 17:45:15,289 INFO archived https://twitter.com/johnfburr/status/840484634282598400
2017-03-11 17:45:15,289 INFO archived https://twitter.com/fastcarspete/status/840484548752363520
2017-03-11 17:45:15,289 INFO archived https://twitter.com/EUtopean/status/840484408490618880
2017-03-11 17:45:15,289 INFO archived https://twitter.com/kentsbike/status/840484197257035777
2017-03-11 17:45:15,290 INFO archived https://twitter.com/BydysawdCatrin/status/840484114381864961
2017-03-11 17:45:15,290 INFO archived https://twitter.com/RobertShepter/status/840483995112599552
2017-03-11 17:45:15,290 INFO archived https://twitter.com/citizen_ukeu/status/840483870571151361
2017-03-11 17:45:15,290 INFO archived https://twitter.com/craigbradley5/status/840483827113984002
2017-03-11 17:45:15,290 INFO archived https://twitter.com/softgentlespir1/status/840483782503284736
2017-03-11 17:45:15,290 INFO archived https://twitter.com/EUtopean/status/840483449626591232
2017-03-11 17:45:15,291 INFO archived https://twitter.com/EnfieldforEU/status/840483036567347202
2017-03-11 17:45:15,291 INFO archived https://twitter.com/chicamusique/status/840482984318947328
2017-03-11 17:45:15,291 INFO archived https://twitter.com/chrisgerhard/status/840482946171699201
2017-03-11 17:45:15,291 INFO archived https://twitter.com/NatalieHarris/status/840482832648675328
2017-03-11 17:45:15,291 INFO archived https://twitter.com/vennerica/status/840482658085949440
2017-03-11 17:45:15,291 INFO archived https://twitter.com/BritEuropa/status/840482460538400768
2017-03-11 17:45:15,292 INFO archived https://twitter.com/ProfRalphEarly/status/840482450610499584
2017-03-11 17:45:15,292 INFO archived https://twitter.com/henrypage/status/840482343022399488
2017-03-11 17:45:15,292 INFO archived https://twitter.com/phenomattology/status/840482132434833409
2017-03-11 17:45:15,292 INFO archived https://twitter.com/andymoz78/status/840482022640496640
2017-03-11 17:45:15,292 INFO archived https://twitter.com/Fermentedmust/status/840481535576940545
2017-03-11 17:45:15,292 INFO archived https://twitter.com/MickJones9/status/840481513720406016
2017-03-11 17:45:15,293 INFO archived https://twitter.com/sandhappyspr/status/840481471274053632
2017-03-11 17:45:15,293 INFO archived https://twitter.com/EUtopean/status/840481411383607296
2017-03-11 17:45:15,293 INFO archived https://twitter.com/honeypony222/status/840481328764207104
2017-03-11 17:45:15,293 INFO archived https://twitter.com/DavidSmithArt/status/840481250632704000
2017-03-11 17:45:15,293 INFO archived https://twitter.com/BrexitResist/status/840481106751344640
2017-03-11 17:45:15,293 INFO archived https://twitter.com/Steviejoyd/status/840481104943599617
2017-03-11 17:45:15,293 INFO archived https://twitter.com/gsmarshall64/status/840480899531702272
2017-03-11 17:45:15,294 INFO archived https://twitter.com/by_eckers_like/status/840480868988796928
2017-03-11 17:45:15,294 INFO archived https://twitter.com/linda_EUremain/status/840480729876299776
2017-03-11 17:45:15,294 INFO archived https://twitter.com/EK_EuropeanMove/status/840480559109459968
2017-03-11 17:45:15,294 INFO archived https://twitter.com/jeforse/status/840480508609978368
2017-03-11 17:45:15,294 INFO archived https://twitter.com/TheEliselise/status/840480402582228992
2017-03-11 17:45:15,294 INFO archived https://twitter.com/johndante/status/840480364959289344
2017-03-11 17:45:15,295 INFO archived https://twitter.com/johnlbellblog/status/840480258885341185
2017-03-11 17:45:15,295 INFO archived https://twitter.com/johnlbellblog/status/840480161967550465
2017-03-11 17:45:15,295 INFO archived https://twitter.com/EUtopean/status/840480153398607872
2017-03-11 17:45:15,295 INFO archived https://twitter.com/AnitadayA/status/840480075325804544
2017-03-11 17:45:15,295 INFO archived https://twitter.com/AnitadayA/status/840479886749945857
2017-03-11 17:45:15,295 INFO archived https://twitter.com/EUtopean/status/840479745485737984
2017-03-11 17:45:15,296 INFO archived https://twitter.com/caracal/status/840479581152899072
2017-03-11 17:45:15,296 INFO archived https://twitter.com/ShivMMGlas/status/840479552707166208
2017-03-11 17:45:15,296 INFO archived https://twitter.com/londonyc/status/840479300390387713
2017-03-11 17:45:15,296 INFO archived https://twitter.com/PhilKimby/status/840479230597173248
2017-03-11 17:45:15,296 INFO archived https://twitter.com/macrosenabled/status/840479105535602688
2017-03-11 17:45:15,296 INFO archived https://twitter.com/peterbergelin/status/840479050049167361
2017-03-11 17:45:15,297 INFO archived https://twitter.com/caracal/status/840478914619297792
2017-03-11 17:45:15,297 INFO archived https://twitter.com/londonyc/status/840478913801392132
2017-03-11 17:45:15,297 INFO archived https://twitter.com/EUtopean/status/840478848659664896
2017-03-11 17:45:15,297 INFO archived https://twitter.com/KatePardoe/status/840478734813675520
2017-03-11 17:45:15,297 INFO archived https://twitter.com/LeedsHall/status/840478560557158401
2017-03-11 17:45:15,297 INFO archived https://twitter.com/BJ_Gardener/status/840478545268871168
2017-03-11 17:45:15,297 INFO archived https://twitter.com/10217_00/status/840478499181850624
2017-03-11 17:45:15,298 INFO archived https://twitter.com/EK_EuropeanMove/status/840478470027243520
2017-03-11 17:45:15,298 INFO archived https://twitter.com/EK_EuropeanMove/status/840478403002265600
2017-03-11 17:45:16,056 INFO archived https://twitter.com/teslaspigeons/status/840478386141167616
2017-03-11 17:45:16,056 INFO archived https://twitter.com/EUtopean/status/840478189466062848
2017-03-11 17:45:16,057 INFO archived https://twitter.com/Christine_Kane/status/840477978190598145
2017-03-11 17:45:16,057 INFO archived https://twitter.com/Itim1967/status/840477832191062017
2017-03-11 17:45:16,058 INFO archived https://twitter.com/Albannachh/status/840477811559260160
2017-03-11 17:45:16,058 INFO archived https://twitter.com/EUtopean/status/840477657905188864
2017-03-11 17:45:16,058 INFO archived https://twitter.com/orchardbloke/status/840477588837539840
2017-03-11 17:45:16,058 INFO archived https://twitter.com/fliss59/status/840477577596739584
2017-03-11 17:45:16,059 INFO archived https://twitter.com/fusr/status/840477442779291649
2017-03-11 17:45:16,059 INFO archived https://twitter.com/Hull52Rich/status/840477306476994560
2017-03-11 17:45:16,059 INFO archived https://twitter.com/kenpyrah/status/840477153355534337
2017-03-11 17:45:16,059 INFO archived https://twitter.com/mpb/status/840477011244175360
2017-03-11 17:45:16,060 INFO archived https://twitter.com/aev1609/status/840476857640316930
2017-03-11 17:45:16,060 INFO archived https://twitter.com/born2think64/status/840476834768793600
2017-03-11 17:45:16,060 INFO archived https://twitter.com/deeneslen/status/840476772462448640
2017-03-11 17:45:16,060 INFO archived https://twitter.com/davewise001/status/840476697975783424
2017-03-11 17:45:16,061 INFO archived https://twitter.com/wride_nicholas/status/840476431553560577
2017-03-11 17:45:16,061 INFO archived https://twitter.com/dwrscomment/status/840475907219435520
2017-03-11 17:45:16,061 INFO archived https://twitter.com/EUtopean/status/840475853997891584
2017-03-11 17:45:16,061 INFO archived https://twitter.com/nujeeh__ho/status/840475819126358016
2017-03-11 17:45:16,062 INFO archived https://twitter.com/plumstickle/status/840475810242805761
2017-03-11 17:45:16,062 INFO archived https://twitter.com/nujeeh__ho/status/840475807835287554
2017-03-11 17:45:16,062 INFO archived https://twitter.com/nujeeh__ho/status/840475794207989760
2017-03-11 17:45:16,063 INFO archived https://twitter.com/georgebernhard/status/840475615925043200
2017-03-11 17:45:16,063 INFO archived https://twitter.com/carolineaaevans/status/840475512321523712
2017-03-11 17:45:16,063 INFO archived https://twitter.com/RenaissancePete/status/840475437994262528
2017-03-11 17:45:16,064 INFO archived https://twitter.com/chrismothman1/status/840475191541153792
2017-03-11 17:45:16,064 INFO archived https://twitter.com/kandy_dreams/status/840474991019847680
2017-03-11 17:45:16,064 INFO archived https://twitter.com/mhughes2k/status/840474781006848000
2017-03-11 17:45:16,065 INFO archived https://twitter.com/EUtopean/status/840474775747194880
2017-03-11 17:45:16,065 INFO archived https://twitter.com/davewise001/status/840474459802857472
2017-03-11 17:45:16,065 INFO archived https://twitter.com/alainshort/status/840474347538120704
2017-03-11 17:45:16,066 INFO archived https://twitter.com/fergs01/status/840474338797211648
2017-03-11 17:45:16,066 INFO archived https://twitter.com/aev1609/status/840474142700896256
2017-03-11 17:45:16,066 INFO archived https://twitter.com/102Amadeus/status/840474028020240385
2017-03-11 17:45:16,066 INFO archived https://twitter.com/EUtopean/status/840474010957815809
2017-03-11 17:45:16,067 INFO archived https://twitter.com/ifg007/status/840473958851964929
2017-03-11 17:45:16,067 INFO archived https://twitter.com/mi5uk/status/840473842200039424
2017-03-11 17:45:16,067 INFO archived https://twitter.com/ricketts44/status/840473724390387712
2017-03-11 17:45:16,068 INFO archived https://twitter.com/LolaGilray/status/840473669105262592
2017-03-11 17:45:16,068 INFO archived https://twitter.com/EK_EuropeanMove/status/840473641259274240
2017-03-11 17:45:16,068 INFO archived https://twitter.com/bernardsmernard/status/840473542965788672
2017-03-11 17:45:16,069 INFO archived https://twitter.com/bernardsmernard/status/840473505451933696
2017-03-11 17:45:16,069 INFO archived https://twitter.com/hugh_swindell/status/840473495523995653
2017-03-11 17:45:16,069 INFO archived https://twitter.com/FrauWise/status/840473174840033280
2017-03-11 17:45:16,069 INFO archived https://twitter.com/cpw_56/status/840473139599532032
2017-03-11 17:45:16,070 INFO archived https://twitter.com/Teenytina88/status/840473072851398656
2017-03-11 17:45:16,070 INFO archived https://twitter.com/harrietchalk/status/840472890441121792
2017-03-11 17:45:16,070 INFO archived https://twitter.com/EUtopean/status/840472861194215424
2017-03-11 17:45:16,070 INFO archived https://twitter.com/remainophile/status/840472728742289408
2017-03-11 17:45:16,071 INFO archived https://twitter.com/ProudEUCitizen/status/840472363875631105
2017-03-11 17:45:16,071 INFO archived https://twitter.com/SwenHandley/status/840472206555656192
2017-03-11 17:45:16,071 INFO archived https://twitter.com/greycells/status/840472195797254144
2017-03-11 17:45:16,072 INFO archived https://twitter.com/wride_nicholas/status/840472194606088192
2017-03-11 17:45:16,072 INFO archived https://twitter.com/_allmyvinyl/status/840472159017410560
2017-03-11 17:45:16,072 INFO archived https://twitter.com/greycells/status/840472023499456512
2017-03-11 17:45:16,073 INFO archived https://twitter.com/tottielimejuice/status/840471866783485952
2017-03-11 17:45:16,073 INFO archived https://twitter.com/RichardThomas37/status/840471801071321088
2017-03-11 17:45:16,073 INFO archived https://twitter.com/sirstan74/status/840471778346586112
2017-03-11 17:45:16,073 INFO archived https://twitter.com/DrMegThomas/status/840471749636550657
2017-03-11 17:45:16,074 INFO archived https://twitter.com/tottielimejuice/status/840471563531104257
2017-03-11 17:45:16,074 INFO archived https://twitter.com/IainMac9/status/840471445151051780
2017-03-11 17:45:16,074 INFO archived https://twitter.com/tobyh45/status/840471358198956032
2017-03-11 17:45:16,075 INFO archived https://twitter.com/DrMegThomas/status/840471328163520513
2017-03-11 17:45:16,075 INFO archived https://twitter.com/der_bluthund/status/840471178246553601
2017-03-11 17:45:16,075 INFO archived https://twitter.com/brexit_lies/status/840471114098835457
2017-03-11 17:45:16,076 INFO archived https://twitter.com/tobyh45/status/840471063066738688
2017-03-11 17:45:16,076 INFO archived https://twitter.com/solange_lebourg/status/840470987774803968
2017-03-11 17:45:16,076 INFO archived https://twitter.com/WildernessPeace/status/840470972075524100
2017-03-11 17:45:16,076 INFO archived https://twitter.com/planetkooler/status/840470869570928640
2017-03-11 17:45:16,077 INFO archived https://twitter.com/EUtopean/status/840470845160062980
2017-03-11 17:45:16,077 INFO archived https://twitter.com/solange_lebourg/status/840470802931806208
2017-03-11 17:45:16,077 INFO archived https://twitter.com/MethanyCrystal/status/840470765766115328
2017-03-11 17:45:16,077 INFO archived https://twitter.com/Amvbvdg/status/840470496227577856
2017-03-11 17:45:16,078 INFO archived https://twitter.com/melwest14/status/840470395631341570
2017-03-11 17:45:16,078 INFO archived https://twitter.com/Amvbvdg/status/840470266836840448
2017-03-11 17:45:16,078 INFO archived https://twitter.com/gdaduncan/status/840469883645284352
2017-03-11 17:45:16,078 INFO archived https://twitter.com/telnet127001/status/840469649972183040
2017-03-11 17:45:16,079 INFO archived https://twitter.com/EUtopean/status/840469433327984640
2017-03-11 17:45:16,079 INFO archived https://twitter.com/Gordon1000/status/840469404806721537
2017-03-11 17:45:16,079 INFO archived https://twitter.com/sirstan74/status/840469208928509952
2017-03-11 17:45:16,080 INFO archived https://twitter.com/deadkeats/status/840468884020957184
2017-03-11 17:45:16,080 INFO archived https://twitter.com/WNethercott/status/840468875187748864
2017-03-11 17:45:16,080 INFO archived https://twitter.com/sirstan74/status/840468716630466561
2017-03-11 17:45:16,080 INFO archived https://twitter.com/EUlvis/status/840468668014288896
2017-03-11 17:45:16,081 INFO archived https://twitter.com/jonclea/status/840468646363332608
2017-03-11 17:45:16,081 INFO archived https://twitter.com/PaulCManning/status/840468543816794112
2017-03-11 17:45:16,081 INFO archived https://twitter.com/BlindJustice41/status/840468473604128770
2017-03-11 17:45:16,082 INFO archived https://twitter.com/IanisNYLO/status/840468392679100416
2017-03-11 17:45:16,082 INFO archived https://twitter.com/johnnyf50/status/840468336605503488
2017-03-11 17:45:16,082 INFO archived https://twitter.com/LeedsEurope/status/840468214001881092
2017-03-11 17:45:16,082 INFO archived https://twitter.com/heejuwn/status/840468179621142529
2017-03-11 17:45:16,083 INFO archived https://twitter.com/heejuwn/status/840468133907451905
2017-03-11 17:45:16,083 INFO archived https://twitter.com/Gavvin/status/840468018996076548
2017-03-11 17:45:16,083 INFO archived https://twitter.com/cassbyrne1345/status/840468012184551424
2017-03-11 17:45:16,084 INFO archived https://twitter.com/car79462711/status/840467593911754754
2017-03-11 17:45:16,084 INFO archived https://twitter.com/robertcp/status/840467497748987904
2017-03-11 17:45:16,084 INFO archived https://twitter.com/mikewarrenp/status/840467288021225473
2017-03-11 17:45:16,085 INFO archived https://twitter.com/peterbrownbarra/status/840467061386158080
2017-03-11 17:45:16,085 INFO archived https://twitter.com/drbarbstweets/status/840466993077706752
